Namespace(model='rescnn', dataset='cifar10', estimator_idx=4, init_type='ones', lr_head=0.01, lr_modularity=0.001, epoch_strategy='5,70', batch_size=64, alpha=0.1)
Files already downloaded and verified
Sequential(
  (0): Linear(in_features=10, out_features=10, bias=True)
  (1): ReLU()
  (2): Linear(in_features=10, out_features=1, bias=True)
)
epoch 0
--------------------------------------------------------------------------------
## Train ##
loss_pred: 1.51
loss_sim: 1.00
acc : 97.18%

## Validation ##
loss_pred: 1.58
loss_sim: 1.00
acc : 88.42%

avg_kernels: 4288.00

epoch 1
--------------------------------------------------------------------------------
## Train ##
loss_pred: 1.46
loss_sim: 1.00
acc : 99.99%

## Validation ##
loss_pred: 1.58
loss_sim: 1.00
acc : 88.26%

avg_kernels: 4288.00

epoch 2
--------------------------------------------------------------------------------
## Train ##
loss_pred: 1.46
loss_sim: 1.00
acc : 99.99%

## Validation ##
loss_pred: 1.58
loss_sim: 1.00
acc : 88.10%

avg_kernels: 4288.00

epoch 3
--------------------------------------------------------------------------------
## Train ##
loss_pred: 1.46
loss_sim: 1.00
acc : 99.98%

## Validation ##
loss_pred: 1.58
loss_sim: 1.00
acc : 88.03%

avg_kernels: 4288.00

epoch 4
--------------------------------------------------------------------------------
## Train ##
loss_pred: 1.46
loss_sim: 1.00
acc : 99.99%

## Validation ##
loss_pred: 1.58
loss_sim: 1.00
acc : 88.10%

avg_kernels: 4288.00


*** Modularize ***

epoch 5
--------------------------------------------------------------------------------
## Train ##
loss_pred: 1.46
loss_sim: 1.00
acc : 99.99%

## Validation ##
loss_pred: 1.58
loss_sim: 1.00
acc : 88.48%

avg_kernels: 4288.00

epoch 6
--------------------------------------------------------------------------------
## Train ##
loss_pred: 1.46
loss_sim: 1.00
acc : 99.99%

## Validation ##
loss_pred: 1.58
loss_sim: 1.00
acc : 88.52%

avg_kernels: 4288.00

epoch 7
--------------------------------------------------------------------------------
## Train ##
loss_pred: 1.46
loss_sim: 1.00
acc : 99.99%

## Validation ##
loss_pred: 1.58
loss_sim: 1.00
acc : 88.23%

avg_kernels: 4288.00

epoch 8
--------------------------------------------------------------------------------
## Train ##
loss_pred: 1.46
loss_sim: 1.00
acc : 99.99%

## Validation ##
loss_pred: 1.58
loss_sim: 1.00
acc : 88.36%

avg_kernels: 4288.00

epoch 9
--------------------------------------------------------------------------------
## Train ##
loss_pred: 1.46
loss_sim: 1.00
acc : 99.99%

## Validation ##
loss_pred: 1.58
loss_sim: 1.00
acc : 88.39%

avg_kernels: 4288.00


*** Train head ***

epoch 10
--------------------------------------------------------------------------------
## Train ##
loss_pred: 1.46
loss_sim: 1.00
acc : 99.99%

## Validation ##
loss_pred: 1.58
loss_sim: 1.00
acc : 88.39%

avg_kernels: 4288.00

epoch 11
--------------------------------------------------------------------------------
## Train ##
loss_pred: 1.46
loss_sim: 1.00
acc : 99.99%

## Validation ##
loss_pred: 1.58
loss_sim: 1.00
acc : 88.58%

avg_kernels: 4288.00


*** Modularize ***

epoch 12
--------------------------------------------------------------------------------
## Train ##
loss_pred: 1.46
loss_sim: 0.92
acc : 99.99%

## Validation ##
loss_pred: 1.58
loss_sim: 0.87
acc : 88.36%

avg_kernels: 3721.70

epoch 13
--------------------------------------------------------------------------------
## Train ##
loss_pred: 1.46
loss_sim: 0.85
acc : 99.99%

## Validation ##
loss_pred: 1.58
loss_sim: 0.83
acc : 88.26%

avg_kernels: 3564.70

epoch 14
--------------------------------------------------------------------------------
## Train ##
loss_pred: 1.46
loss_sim: 0.82
acc : 99.99%

## Validation ##
loss_pred: 1.58
loss_sim: 0.80
acc : 88.26%

avg_kernels: 3448.20

epoch 15
--------------------------------------------------------------------------------
## Train ##
loss_pred: 1.46
loss_sim: 0.79
acc : 99.99%

## Validation ##
loss_pred: 1.58
loss_sim: 0.78
acc : 88.10%

avg_kernels: 3360.80

epoch 16
--------------------------------------------------------------------------------
## Train ##
loss_pred: 1.46
loss_sim: 0.78
acc : 99.99%

## Validation ##
loss_pred: 1.57
loss_sim: 0.77
acc : 88.23%

avg_kernels: 3289.30


*** Train head ***

epoch 17
--------------------------------------------------------------------------------
## Train ##
loss_pred: 1.46
loss_sim: 0.77
acc : 99.99%

## Validation ##
loss_pred: 1.58
loss_sim: 0.77
acc : 88.07%

avg_kernels: 3289.30

epoch 18
--------------------------------------------------------------------------------
## Train ##
loss_pred: 1.46
loss_sim: 0.77
acc : 99.99%

## Validation ##
loss_pred: 1.58
loss_sim: 0.77
acc : 87.94%

avg_kernels: 3289.30


*** Modularize ***

epoch 19
--------------------------------------------------------------------------------
## Train ##
loss_pred: 1.46
loss_sim: 0.75
acc : 99.99%

## Validation ##
loss_pred: 1.58
loss_sim: 0.74
acc : 88.04%

avg_kernels: 3190.30

epoch 20
--------------------------------------------------------------------------------
## Train ##
loss_pred: 1.46
loss_sim: 0.74
acc : 99.99%

## Validation ##
loss_pred: 1.58
loss_sim: 0.73
acc : 87.72%

avg_kernels: 3141.10

epoch 21
--------------------------------------------------------------------------------
## Train ##
loss_pred: 1.46
loss_sim: 0.73
acc : 99.99%

## Validation ##
loss_pred: 1.58
loss_sim: 0.72
acc : 88.11%

avg_kernels: 3098.20

epoch 22
--------------------------------------------------------------------------------
## Train ##
loss_pred: 1.46
loss_sim: 0.72
acc : 99.99%

## Validation ##
loss_pred: 1.58
loss_sim: 0.71
acc : 87.91%

avg_kernels: 3053.80

epoch 23
--------------------------------------------------------------------------------
## Train ##
loss_pred: 1.46
loss_sim: 0.71
acc : 99.98%

## Validation ##
loss_pred: 1.58
loss_sim: 0.70
acc : 88.23%

avg_kernels: 3012.70


*** Train head ***

epoch 24
--------------------------------------------------------------------------------
## Train ##
loss_pred: 1.46
loss_sim: 0.70
acc : 99.99%

## Validation ##
loss_pred: 1.58
loss_sim: 0.70
acc : 87.75%

avg_kernels: 3012.70

epoch 25
--------------------------------------------------------------------------------
## Train ##
loss_pred: 1.46
loss_sim: 0.70
acc : 99.99%

## Validation ##
loss_pred: 1.58
loss_sim: 0.70
acc : 87.91%

avg_kernels: 3012.70


*** Modularize ***

epoch 26
--------------------------------------------------------------------------------
## Train ##
loss_pred: 1.46
loss_sim: 0.69
acc : 99.99%

## Validation ##
loss_pred: 1.58
loss_sim: 0.69
acc : 87.97%

avg_kernels: 2954.40

epoch 27
--------------------------------------------------------------------------------
## Train ##
loss_pred: 1.46
loss_sim: 0.68
acc : 99.98%

## Validation ##
loss_pred: 1.58
loss_sim: 0.68
acc : 87.62%

avg_kernels: 2918.20

epoch 28
--------------------------------------------------------------------------------
## Train ##
loss_pred: 1.46
loss_sim: 0.68
acc : 99.99%

## Validation ##
loss_pred: 1.58
loss_sim: 0.67
acc : 87.66%

avg_kernels: 2883.80

epoch 29
--------------------------------------------------------------------------------
## Train ##
loss_pred: 1.46
loss_sim: 0.67
acc : 99.99%

## Validation ##
loss_pred: 1.58
loss_sim: 0.67
acc : 87.78%

avg_kernels: 2853.60

epoch 30
--------------------------------------------------------------------------------
## Train ##
loss_pred: 1.46
loss_sim: 0.66
acc : 99.98%

## Validation ##
loss_pred: 1.58
loss_sim: 0.66
acc : 87.59%

avg_kernels: 2822.30


*** Train head ***

epoch 31
--------------------------------------------------------------------------------
## Train ##
loss_pred: 1.46
loss_sim: 0.66
acc : 99.99%

## Validation ##
loss_pred: 1.59
loss_sim: 0.66
acc : 87.43%

avg_kernels: 2822.30

epoch 32
--------------------------------------------------------------------------------
## Train ##
loss_pred: 1.46
loss_sim: 0.66
acc : 99.99%

## Validation ##
loss_pred: 1.58
loss_sim: 0.66
acc : 88.07%

avg_kernels: 2822.30


*** Modularize ***

epoch 33
--------------------------------------------------------------------------------
## Train ##
loss_pred: 1.46
loss_sim: 0.65
acc : 99.98%

## Validation ##
loss_pred: 1.58
loss_sim: 0.65
acc : 87.75%

avg_kernels: 2776.20

epoch 34
--------------------------------------------------------------------------------
## Train ##
loss_pred: 1.46
loss_sim: 0.64
acc : 99.99%

## Validation ##
loss_pred: 1.58
loss_sim: 0.64
acc : 87.56%

avg_kernels: 2749.60

epoch 35
--------------------------------------------------------------------------------
## Train ##
loss_pred: 1.46
loss_sim: 0.64
acc : 99.99%

## Validation ##
loss_pred: 1.58
loss_sim: 0.64
acc : 87.23%

avg_kernels: 2724.60

epoch 36
--------------------------------------------------------------------------------
## Train ##
loss_pred: 1.46
loss_sim: 0.63
acc : 99.99%

## Validation ##
loss_pred: 1.59
loss_sim: 0.63
acc : 87.85%

avg_kernels: 2703.00

epoch 37
--------------------------------------------------------------------------------
## Train ##
loss_pred: 1.46
loss_sim: 0.63
acc : 99.99%

## Validation ##
loss_pred: 1.58
loss_sim: 0.62
acc : 87.78%

avg_kernels: 2677.70


*** Train head ***

epoch 38
--------------------------------------------------------------------------------
## Train ##
loss_pred: 1.46
loss_sim: 0.62
acc : 99.98%

## Validation ##
loss_pred: 1.58
loss_sim: 0.62
acc : 87.78%

avg_kernels: 2677.70

epoch 39
--------------------------------------------------------------------------------
## Train ##
loss_pred: 1.46
loss_sim: 0.62
acc : 99.99%

## Validation ##
loss_pred: 1.58
loss_sim: 0.62
acc : 88.01%

avg_kernels: 2677.70


*** Modularize ***

epoch 40
--------------------------------------------------------------------------------
## Train ##
loss_pred: 1.46
loss_sim: 0.62
acc : 99.98%

## Validation ##
loss_pred: 1.58
loss_sim: 0.61
acc : 87.82%

avg_kernels: 2631.70

epoch 41
--------------------------------------------------------------------------------
## Train ##
loss_pred: 1.46
loss_sim: 0.61
acc : 99.99%

## Validation ##
loss_pred: 1.58
loss_sim: 0.61
acc : 87.59%

avg_kernels: 2613.00

epoch 42
--------------------------------------------------------------------------------
## Train ##
loss_pred: 1.46
loss_sim: 0.61
acc : 99.98%

## Validation ##
loss_pred: 1.58
loss_sim: 0.60
acc : 87.39%

avg_kernels: 2594.00

epoch 43
--------------------------------------------------------------------------------
## Train ##
loss_pred: 1.46
loss_sim: 0.60
acc : 99.96%

## Validation ##
loss_pred: 1.58
loss_sim: 0.60
acc : 87.95%

avg_kernels: 2575.50

epoch 44
--------------------------------------------------------------------------------
## Train ##
loss_pred: 1.46
loss_sim: 0.60
acc : 99.98%

## Validation ##
loss_pred: 1.59
loss_sim: 0.60
acc : 87.39%

avg_kernels: 2555.20


*** Train head ***

epoch 45
--------------------------------------------------------------------------------
## Train ##
loss_pred: 1.46
loss_sim: 0.60
acc : 99.99%

## Validation ##
loss_pred: 1.59
loss_sim: 0.60
acc : 87.56%

avg_kernels: 2555.20

epoch 46
--------------------------------------------------------------------------------
## Train ##
loss_pred: 1.46
loss_sim: 0.60
acc : 99.99%

## Validation ##
loss_pred: 1.59
loss_sim: 0.60
acc : 87.40%

avg_kernels: 2555.20


*** Modularize ***

epoch 47
--------------------------------------------------------------------------------
## Train ##
loss_pred: 1.46
loss_sim: 0.59
acc : 99.98%

## Validation ##
loss_pred: 1.59
loss_sim: 0.59
acc : 87.59%

avg_kernels: 2524.10

epoch 48
--------------------------------------------------------------------------------
## Train ##
loss_pred: 1.46
loss_sim: 0.59
acc : 99.98%

## Validation ##
loss_pred: 1.58
loss_sim: 0.58
acc : 87.37%

avg_kernels: 2508.30

epoch 49
--------------------------------------------------------------------------------
## Train ##
loss_pred: 1.46
loss_sim: 0.58
acc : 99.98%

## Validation ##
loss_pred: 1.58
loss_sim: 0.58
acc : 87.66%

avg_kernels: 2498.30

epoch 50
--------------------------------------------------------------------------------
## Train ##
loss_pred: 1.46
loss_sim: 0.58
acc : 99.98%

## Validation ##
loss_pred: 1.59
loss_sim: 0.58
acc : 87.50%

avg_kernels: 2482.70

epoch 51
--------------------------------------------------------------------------------
## Train ##
loss_pred: 1.46
loss_sim: 0.58
acc : 99.98%

## Validation ##
loss_pred: 1.58
loss_sim: 0.58
acc : 87.62%

avg_kernels: 2467.30


*** Train head ***

epoch 52
--------------------------------------------------------------------------------
## Train ##
loss_pred: 1.46
loss_sim: 0.58
acc : 99.99%

## Validation ##
loss_pred: 1.59
loss_sim: 0.58
acc : 87.37%

avg_kernels: 2467.30

epoch 53
--------------------------------------------------------------------------------
## Train ##
loss_pred: 1.46
loss_sim: 0.58
acc : 99.99%

## Validation ##
loss_pred: 1.58
loss_sim: 0.58
acc : 87.79%

avg_kernels: 2467.30


*** Modularize ***

epoch 54
--------------------------------------------------------------------------------
## Train ##
loss_pred: 1.46
loss_sim: 0.57
acc : 99.98%

## Validation ##
loss_pred: 1.59
loss_sim: 0.57
acc : 86.91%

avg_kernels: 2440.70

epoch 55
--------------------------------------------------------------------------------
## Train ##
loss_pred: 1.46
loss_sim: 0.57
acc : 99.99%

## Validation ##
loss_pred: 1.58
loss_sim: 0.57
acc : 87.30%

avg_kernels: 2426.80

epoch 56
--------------------------------------------------------------------------------
## Train ##
loss_pred: 1.46
loss_sim: 0.56
acc : 99.98%

## Validation ##
loss_pred: 1.58
loss_sim: 0.56
acc : 87.76%

avg_kernels: 2412.10

epoch 57
--------------------------------------------------------------------------------
## Train ##
loss_pred: 1.46
loss_sim: 0.56
acc : 99.98%

## Validation ##
loss_pred: 1.58
loss_sim: 0.56
acc : 87.01%

avg_kernels: 2396.90

epoch 58
--------------------------------------------------------------------------------
## Train ##
loss_pred: 1.46
loss_sim: 0.56
acc : 99.98%

## Validation ##
loss_pred: 1.59
loss_sim: 0.56
acc : 87.50%

avg_kernels: 2386.40


*** Train head ***

epoch 59
--------------------------------------------------------------------------------
## Train ##
loss_pred: 1.46
loss_sim: 0.56
acc : 99.99%

## Validation ##
loss_pred: 1.59
loss_sim: 0.56
acc : 87.17%

avg_kernels: 2386.40

epoch 60
--------------------------------------------------------------------------------
## Train ##
loss_pred: 1.46
loss_sim: 0.56
acc : 99.99%

## Validation ##
loss_pred: 1.59
loss_sim: 0.56
acc : 87.59%

avg_kernels: 2386.40


*** Modularize ***

epoch 61
--------------------------------------------------------------------------------
## Train ##
loss_pred: 1.46
loss_sim: 0.55
acc : 99.98%

## Validation ##
loss_pred: 1.59
loss_sim: 0.55
acc : 87.04%

avg_kernels: 2363.90

epoch 62
--------------------------------------------------------------------------------
## Train ##
loss_pred: 1.46
loss_sim: 0.55
acc : 99.99%

## Validation ##
loss_pred: 1.58
loss_sim: 0.55
acc : 87.50%

avg_kernels: 2350.40

epoch 63
--------------------------------------------------------------------------------
## Train ##
loss_pred: 1.46
loss_sim: 0.55
acc : 99.98%

## Validation ##
loss_pred: 1.59
loss_sim: 0.55
acc : 86.95%

avg_kernels: 2339.90

epoch 64
--------------------------------------------------------------------------------
## Train ##
loss_pred: 1.46
loss_sim: 0.54
acc : 99.98%

## Validation ##
loss_pred: 1.58
loss_sim: 0.54
acc : 87.56%

avg_kernels: 2325.20

epoch 65
--------------------------------------------------------------------------------
## Train ##
loss_pred: 1.46
loss_sim: 0.54
acc : 99.98%

## Validation ##
loss_pred: 1.59
loss_sim: 0.54
acc : 86.88%

avg_kernels: 2314.80


*** Train head ***

epoch 66
--------------------------------------------------------------------------------
## Train ##
loss_pred: 1.46
loss_sim: 0.54
acc : 99.98%

## Validation ##
loss_pred: 1.58
loss_sim: 0.54
acc : 87.37%

avg_kernels: 2314.80

epoch 67
--------------------------------------------------------------------------------
## Train ##
loss_pred: 1.46
loss_sim: 0.54
acc : 99.98%

## Validation ##
loss_pred: 1.59
loss_sim: 0.54
acc : 87.08%

avg_kernels: 2314.80


*** Modularize ***

epoch 68
--------------------------------------------------------------------------------
## Train ##
loss_pred: 1.46
loss_sim: 0.54
acc : 99.98%

## Validation ##
loss_pred: 1.59
loss_sim: 0.53
acc : 87.24%

avg_kernels: 2292.70

epoch 69
--------------------------------------------------------------------------------
## Train ##
loss_pred: 1.46
loss_sim: 0.53
acc : 99.99%

## Validation ##
loss_pred: 1.59
loss_sim: 0.53
acc : 87.01%

avg_kernels: 2283.80

epoch 70
--------------------------------------------------------------------------------
## Train ##
loss_pred: 1.46
loss_sim: 0.53
acc : 99.96%

## Validation ##
loss_pred: 1.58
loss_sim: 0.53
acc : 87.30%

avg_kernels: 2273.20

epoch 71
--------------------------------------------------------------------------------
## Train ##
loss_pred: 1.46
loss_sim: 0.53
acc : 99.97%

## Validation ##
loss_pred: 1.58
loss_sim: 0.53
acc : 87.14%

avg_kernels: 2262.00

epoch 72
--------------------------------------------------------------------------------
## Train ##
loss_pred: 1.46
loss_sim: 0.53
acc : 99.97%

## Validation ##
loss_pred: 1.59
loss_sim: 0.53
acc : 87.30%

avg_kernels: 2257.10


*** Train head ***

epoch 73
--------------------------------------------------------------------------------
## Train ##
loss_pred: 1.46
loss_sim: 0.53
acc : 99.98%

## Validation ##
loss_pred: 1.59
loss_sim: 0.53
acc : 87.17%

avg_kernels: 2257.10

epoch 74
--------------------------------------------------------------------------------
## Train ##
loss_pred: 1.46
loss_sim: 0.53
acc : 99.98%

## Validation ##
loss_pred: 1.59
loss_sim: 0.53
acc : 87.62%

avg_kernels: 2257.10

====================================================================================================

best_epoch: 11
best_acc: 88.58%
best_avg_kernel: 4288.00
[(11, tensor(0.8858, device='cuda:0')), (6, tensor(0.8852, device='cuda:0')), (5, tensor(0.8848, device='cuda:0')), (0, tensor(0.8842, device='cuda:0')), (9, tensor(0.8839, device='cuda:0')), (10, tensor(0.8839, device='cuda:0')), (8, tensor(0.8836, device='cuda:0')), (12, tensor(0.8836, device='cuda:0')), (13, tensor(0.8826, device='cuda:0')), (14, tensor(0.8826, device='cuda:0')), (1, tensor(0.8826, device='cuda:0')), (16, tensor(0.8823, device='cuda:0')), (23, tensor(0.8823, device='cuda:0')), (7, tensor(0.8823, device='cuda:0')), (21, tensor(0.8811, device='cuda:0')), (15, tensor(0.8810, device='cuda:0')), (4, tensor(0.8810, device='cuda:0')), (2, tensor(0.8810, device='cuda:0')), (32, tensor(0.8807, device='cuda:0')), (17, tensor(0.8807, device='cuda:0')), (19, tensor(0.8804, device='cuda:0')), (3, tensor(0.8803, device='cuda:0')), (39, tensor(0.8801, device='cuda:0')), (26, tensor(0.8797, device='cuda:0')), (43, tensor(0.8795, device='cuda:0')), (18, tensor(0.8794, device='cuda:0')), (25, tensor(0.8791, device='cuda:0')), (22, tensor(0.8791, device='cuda:0')), (36, tensor(0.8785, device='cuda:0')), (40, tensor(0.8782, device='cuda:0')), (53, tensor(0.8779, device='cuda:0')), (29, tensor(0.8778, device='cuda:0')), (37, tensor(0.8778, device='cuda:0')), (38, tensor(0.8778, device='cuda:0')), (56, tensor(0.8776, device='cuda:0')), (24, tensor(0.8775, device='cuda:0')), (33, tensor(0.8775, device='cuda:0')), (20, tensor(0.8772, device='cuda:0')), (49, tensor(0.8766, device='cuda:0')), (28, tensor(0.8766, device='cuda:0')), (51, tensor(0.8762, device='cuda:0')), (74, tensor(0.8762, device='cuda:0')), (27, tensor(0.8762, device='cuda:0')), (41, tensor(0.8759, device='cuda:0')), (47, tensor(0.8759, device='cuda:0')), (60, tensor(0.8759, device='cuda:0')), (30, tensor(0.8759, device='cuda:0')), (64, tensor(0.8756, device='cuda:0')), (45, tensor(0.8756, device='cuda:0')), (34, tensor(0.8756, device='cuda:0')), (62, tensor(0.8750, device='cuda:0')), (50, tensor(0.8750, device='cuda:0')), (58, tensor(0.8750, device='cuda:0')), (31, tensor(0.8743, device='cuda:0')), (46, tensor(0.8740, device='cuda:0')), (42, tensor(0.8739, device='cuda:0')), (44, tensor(0.8739, device='cuda:0')), (48, tensor(0.8737, device='cuda:0')), (66, tensor(0.8737, device='cuda:0')), (52, tensor(0.8737, device='cuda:0')), (55, tensor(0.8730, device='cuda:0')), (70, tensor(0.8730, device='cuda:0')), (72, tensor(0.8730, device='cuda:0')), (68, tensor(0.8724, device='cuda:0')), (35, tensor(0.8723, device='cuda:0')), (59, tensor(0.8717, device='cuda:0')), (73, tensor(0.8717, device='cuda:0')), (71, tensor(0.8714, device='cuda:0')), (67, tensor(0.8708, device='cuda:0')), (61, tensor(0.8704, device='cuda:0')), (57, tensor(0.8701, device='cuda:0')), (69, tensor(0.8701, device='cuda:0')), (63, tensor(0.8695, device='cuda:0')), (54, tensor(0.8691, device='cuda:0')), (65, tensor(0.8688, device='cuda:0'))]
