Namespace(model='rescnn', dataset='cifar10', estimator_idx=11, init_type='ones', lr_head=0.01, lr_modularity=0.001, epoch_strategy='5,70', batch_size=64, alpha=0.1)
Files already downloaded and verified
Sequential(
  (0): Linear(in_features=10, out_features=10, bias=True)
  (1): ReLU()
  (2): Linear(in_features=10, out_features=1, bias=True)
)
epoch 0
--------------------------------------------------------------------------------
## Train ##
loss_pred: 1.54
loss_sim: 1.00
acc : 93.08%

## Validation ##
loss_pred: 1.58
loss_sim: 1.00
acc : 88.33%

avg_kernels: 4288.00

epoch 1
--------------------------------------------------------------------------------
## Train ##
loss_pred: 1.46
loss_sim: 1.00
acc : 100.00%

## Validation ##
loss_pred: 1.58
loss_sim: 1.00
acc : 88.51%

avg_kernels: 4288.00

epoch 2
--------------------------------------------------------------------------------
## Train ##
loss_pred: 1.46
loss_sim: 1.00
acc : 100.00%

## Validation ##
loss_pred: 1.58
loss_sim: 1.00
acc : 88.35%

avg_kernels: 4288.00

epoch 3
--------------------------------------------------------------------------------
## Train ##
loss_pred: 1.46
loss_sim: 1.00
acc : 100.00%

## Validation ##
loss_pred: 1.58
loss_sim: 1.00
acc : 88.57%

avg_kernels: 4288.00

epoch 4
--------------------------------------------------------------------------------
## Train ##
loss_pred: 1.46
loss_sim: 1.00
acc : 100.00%

## Validation ##
loss_pred: 1.58
loss_sim: 1.00
acc : 88.60%

avg_kernels: 4288.00


*** Modularize ***

epoch 5
--------------------------------------------------------------------------------
## Train ##
loss_pred: 1.46
loss_sim: 1.00
acc : 100.00%

## Validation ##
loss_pred: 1.58
loss_sim: 1.00
acc : 88.56%

avg_kernels: 4288.00

epoch 6
--------------------------------------------------------------------------------
## Train ##
loss_pred: 1.46
loss_sim: 1.00
acc : 100.00%

## Validation ##
loss_pred: 1.58
loss_sim: 1.00
acc : 88.52%

avg_kernels: 4288.00

epoch 7
--------------------------------------------------------------------------------
## Train ##
loss_pred: 1.46
loss_sim: 1.00
acc : 100.00%

## Validation ##
loss_pred: 1.58
loss_sim: 1.00
acc : 88.32%

avg_kernels: 4288.00

epoch 8
--------------------------------------------------------------------------------
## Train ##
loss_pred: 1.46
loss_sim: 1.00
acc : 100.00%

## Validation ##
loss_pred: 1.58
loss_sim: 1.00
acc : 88.43%

avg_kernels: 4288.00

epoch 9
--------------------------------------------------------------------------------
## Train ##
loss_pred: 1.46
loss_sim: 1.00
acc : 100.00%

## Validation ##
loss_pred: 1.58
loss_sim: 1.00
acc : 88.23%

avg_kernels: 4288.00


*** Train head ***

epoch 10
--------------------------------------------------------------------------------
## Train ##
loss_pred: 1.46
loss_sim: 1.00
acc : 100.00%

## Validation ##
loss_pred: 1.58
loss_sim: 1.00
acc : 88.40%

avg_kernels: 4288.00

epoch 11
--------------------------------------------------------------------------------
## Train ##
loss_pred: 1.46
loss_sim: 1.00
acc : 100.00%

## Validation ##
loss_pred: 1.58
loss_sim: 1.00
acc : 88.36%

avg_kernels: 4288.00


*** Modularize ***

epoch 12
--------------------------------------------------------------------------------
## Train ##
loss_pred: 1.46
loss_sim: 1.00
acc : 100.00%

## Validation ##
loss_pred: 1.58
loss_sim: 1.00
acc : 88.59%

avg_kernels: 4288.00

epoch 13
--------------------------------------------------------------------------------
## Train ##
loss_pred: 1.46
loss_sim: 0.84
acc : 100.00%

## Validation ##
loss_pred: 1.58
loss_sim: 0.75
acc : 87.62%

avg_kernels: 3229.70

epoch 14
--------------------------------------------------------------------------------
## Train ##
loss_pred: 1.46
loss_sim: 0.73
acc : 100.00%

## Validation ##
loss_pred: 1.58
loss_sim: 0.72
acc : 87.74%

avg_kernels: 3076.20

epoch 15
--------------------------------------------------------------------------------
## Train ##
loss_pred: 1.46
loss_sim: 0.71
acc : 100.00%

## Validation ##
loss_pred: 1.58
loss_sim: 0.69
acc : 88.07%

avg_kernels: 2979.50

epoch 16
--------------------------------------------------------------------------------
## Train ##
loss_pred: 1.46
loss_sim: 0.69
acc : 100.00%

## Validation ##
loss_pred: 1.58
loss_sim: 0.68
acc : 87.80%

avg_kernels: 2909.40


*** Train head ***

epoch 17
--------------------------------------------------------------------------------
## Train ##
loss_pred: 1.46
loss_sim: 0.68
acc : 100.00%

## Validation ##
loss_pred: 1.58
loss_sim: 0.68
acc : 87.87%

avg_kernels: 2909.40

epoch 18
--------------------------------------------------------------------------------
## Train ##
loss_pred: 1.46
loss_sim: 0.68
acc : 100.00%

## Validation ##
loss_pred: 1.58
loss_sim: 0.68
acc : 87.56%

avg_kernels: 2909.40


*** Modularize ***

epoch 19
--------------------------------------------------------------------------------
## Train ##
loss_pred: 1.46
loss_sim: 0.66
acc : 100.00%

## Validation ##
loss_pred: 1.58
loss_sim: 0.65
acc : 87.87%

avg_kernels: 2790.50

epoch 20
--------------------------------------------------------------------------------
## Train ##
loss_pred: 1.46
loss_sim: 0.64
acc : 100.00%

## Validation ##
loss_pred: 1.58
loss_sim: 0.64
acc : 87.90%

avg_kernels: 2739.30

epoch 21
--------------------------------------------------------------------------------
## Train ##
loss_pred: 1.46
loss_sim: 0.63
acc : 100.00%

## Validation ##
loss_pred: 1.58
loss_sim: 0.63
acc : 87.90%

avg_kernels: 2692.70

epoch 22
--------------------------------------------------------------------------------
## Train ##
loss_pred: 1.46
loss_sim: 0.62
acc : 100.00%

## Validation ##
loss_pred: 1.58
loss_sim: 0.62
acc : 87.86%

avg_kernels: 2654.20

epoch 23
--------------------------------------------------------------------------------
## Train ##
loss_pred: 1.46
loss_sim: 0.61
acc : 100.00%

## Validation ##
loss_pred: 1.58
loss_sim: 0.61
acc : 87.83%

avg_kernels: 2618.80


*** Train head ***

epoch 24
--------------------------------------------------------------------------------
## Train ##
loss_pred: 1.46
loss_sim: 0.61
acc : 100.00%

## Validation ##
loss_pred: 1.59
loss_sim: 0.61
acc : 87.58%

avg_kernels: 2618.80

epoch 25
--------------------------------------------------------------------------------
## Train ##
loss_pred: 1.46
loss_sim: 0.61
acc : 100.00%

## Validation ##
loss_pred: 1.59
loss_sim: 0.61
acc : 87.55%

avg_kernels: 2618.80


*** Modularize ***

epoch 26
--------------------------------------------------------------------------------
## Train ##
loss_pred: 1.46
loss_sim: 0.60
acc : 100.00%

## Validation ##
loss_pred: 1.59
loss_sim: 0.60
acc : 88.14%

avg_kernels: 2552.70

epoch 27
--------------------------------------------------------------------------------
## Train ##
loss_pred: 1.46
loss_sim: 0.59
acc : 99.99%

## Validation ##
loss_pred: 1.59
loss_sim: 0.59
acc : 88.10%

avg_kernels: 2523.10

epoch 28
--------------------------------------------------------------------------------
## Train ##
loss_pred: 1.46
loss_sim: 0.58
acc : 99.99%

## Validation ##
loss_pred: 1.59
loss_sim: 0.58
acc : 87.90%

avg_kernels: 2491.80

epoch 29
--------------------------------------------------------------------------------
## Train ##
loss_pred: 1.46
loss_sim: 0.58
acc : 99.99%

## Validation ##
loss_pred: 1.58
loss_sim: 0.57
acc : 87.64%

avg_kernels: 2462.70

epoch 30
--------------------------------------------------------------------------------
## Train ##
loss_pred: 1.46
loss_sim: 0.57
acc : 99.99%

## Validation ##
loss_pred: 1.59
loss_sim: 0.57
acc : 87.71%

avg_kernels: 2435.00


*** Train head ***

epoch 31
--------------------------------------------------------------------------------
## Train ##
loss_pred: 1.46
loss_sim: 0.57
acc : 100.00%

## Validation ##
loss_pred: 1.59
loss_sim: 0.57
acc : 87.59%

avg_kernels: 2435.00

epoch 32
--------------------------------------------------------------------------------
## Train ##
loss_pred: 1.46
loss_sim: 0.57
acc : 100.00%

## Validation ##
loss_pred: 1.59
loss_sim: 0.57
acc : 87.55%

avg_kernels: 2435.00


*** Modularize ***

epoch 33
--------------------------------------------------------------------------------
## Train ##
loss_pred: 1.46
loss_sim: 0.56
acc : 100.00%

## Validation ##
loss_pred: 1.59
loss_sim: 0.56
acc : 87.49%

avg_kernels: 2395.60

epoch 34
--------------------------------------------------------------------------------
## Train ##
loss_pred: 1.46
loss_sim: 0.56
acc : 100.00%

## Validation ##
loss_pred: 1.59
loss_sim: 0.55
acc : 87.31%

avg_kernels: 2373.10

epoch 35
--------------------------------------------------------------------------------
## Train ##
loss_pred: 1.46
loss_sim: 0.55
acc : 99.98%

## Validation ##
loss_pred: 1.59
loss_sim: 0.55
acc : 87.61%

avg_kernels: 2353.70

epoch 36
--------------------------------------------------------------------------------
## Train ##
loss_pred: 1.46
loss_sim: 0.55
acc : 99.99%

## Validation ##
loss_pred: 1.59
loss_sim: 0.54
acc : 87.43%

avg_kernels: 2334.60

epoch 37
--------------------------------------------------------------------------------
## Train ##
loss_pred: 1.46
loss_sim: 0.54
acc : 99.99%

## Validation ##
loss_pred: 1.59
loss_sim: 0.54
acc : 87.28%

avg_kernels: 2314.40


*** Train head ***

epoch 38
--------------------------------------------------------------------------------
## Train ##
loss_pred: 1.46
loss_sim: 0.54
acc : 99.99%

## Validation ##
loss_pred: 1.59
loss_sim: 0.54
acc : 87.39%

avg_kernels: 2314.40

epoch 39
--------------------------------------------------------------------------------
## Train ##
loss_pred: 1.46
loss_sim: 0.54
acc : 99.99%

## Validation ##
loss_pred: 1.59
loss_sim: 0.54
acc : 87.52%

avg_kernels: 2314.40


*** Modularize ***

epoch 40
--------------------------------------------------------------------------------
## Train ##
loss_pred: 1.46
loss_sim: 0.53
acc : 99.99%

## Validation ##
loss_pred: 1.59
loss_sim: 0.53
acc : 87.37%

avg_kernels: 2280.50

epoch 41
--------------------------------------------------------------------------------
## Train ##
loss_pred: 1.46
loss_sim: 0.53
acc : 99.99%

## Validation ##
loss_pred: 1.59
loss_sim: 0.53
acc : 87.26%

avg_kernels: 2265.80

epoch 42
--------------------------------------------------------------------------------
## Train ##
loss_pred: 1.46
loss_sim: 0.53
acc : 99.99%

## Validation ##
loss_pred: 1.59
loss_sim: 0.53
acc : 87.42%

avg_kernels: 2254.70

epoch 43
--------------------------------------------------------------------------------
## Train ##
loss_pred: 1.46
loss_sim: 0.52
acc : 99.99%

## Validation ##
loss_pred: 1.59
loss_sim: 0.52
acc : 87.36%

avg_kernels: 2239.20

epoch 44
--------------------------------------------------------------------------------
## Train ##
loss_pred: 1.46
loss_sim: 0.52
acc : 100.00%

## Validation ##
loss_pred: 1.59
loss_sim: 0.52
acc : 87.13%

avg_kernels: 2226.00


*** Train head ***

epoch 45
--------------------------------------------------------------------------------
## Train ##
loss_pred: 1.46
loss_sim: 0.52
acc : 99.99%

## Validation ##
loss_pred: 1.59
loss_sim: 0.52
acc : 86.97%

avg_kernels: 2226.00

epoch 46
--------------------------------------------------------------------------------
## Train ##
loss_pred: 1.46
loss_sim: 0.52
acc : 99.99%

## Validation ##
loss_pred: 1.59
loss_sim: 0.52
acc : 87.13%

avg_kernels: 2226.00


*** Modularize ***

epoch 47
--------------------------------------------------------------------------------
## Train ##
loss_pred: 1.46
loss_sim: 0.51
acc : 100.00%

## Validation ##
loss_pred: 1.59
loss_sim: 0.51
acc : 87.06%

avg_kernels: 2192.50

epoch 48
--------------------------------------------------------------------------------
## Train ##
loss_pred: 1.46
loss_sim: 0.51
acc : 100.00%

## Validation ##
loss_pred: 1.60
loss_sim: 0.51
acc : 87.29%

avg_kernels: 2186.90

epoch 49
--------------------------------------------------------------------------------
## Train ##
loss_pred: 1.46
loss_sim: 0.51
acc : 99.99%

## Validation ##
loss_pred: 1.59
loss_sim: 0.51
acc : 87.46%

avg_kernels: 2175.30

epoch 50
--------------------------------------------------------------------------------
## Train ##
loss_pred: 1.46
loss_sim: 0.51
acc : 100.00%

## Validation ##
loss_pred: 1.60
loss_sim: 0.50
acc : 86.75%

avg_kernels: 2164.10

epoch 51
--------------------------------------------------------------------------------
## Train ##
loss_pred: 1.46
loss_sim: 0.50
acc : 99.99%

## Validation ##
loss_pred: 1.59
loss_sim: 0.50
acc : 86.92%

avg_kernels: 2153.80


*** Train head ***

epoch 52
--------------------------------------------------------------------------------
## Train ##
loss_pred: 1.46
loss_sim: 0.50
acc : 100.00%

## Validation ##
loss_pred: 1.60
loss_sim: 0.50
acc : 87.04%

avg_kernels: 2153.80

epoch 53
--------------------------------------------------------------------------------
## Train ##
loss_pred: 1.46
loss_sim: 0.50
acc : 100.00%

## Validation ##
loss_pred: 1.60
loss_sim: 0.50
acc : 86.82%

avg_kernels: 2153.80


*** Modularize ***

epoch 54
--------------------------------------------------------------------------------
## Train ##
loss_pred: 1.46
loss_sim: 0.50
acc : 99.98%

## Validation ##
loss_pred: 1.59
loss_sim: 0.50
acc : 87.16%

avg_kernels: 2130.00

epoch 55
--------------------------------------------------------------------------------
## Train ##
loss_pred: 1.46
loss_sim: 0.50
acc : 100.00%

## Validation ##
loss_pred: 1.60
loss_sim: 0.50
acc : 87.09%

avg_kernels: 2125.20

epoch 56
--------------------------------------------------------------------------------
## Train ##
loss_pred: 1.46
loss_sim: 0.49
acc : 100.00%

## Validation ##
loss_pred: 1.60
loss_sim: 0.49
acc : 87.02%

avg_kernels: 2114.50

epoch 57
--------------------------------------------------------------------------------
## Train ##
loss_pred: 1.46
loss_sim: 0.49
acc : 100.00%

## Validation ##
loss_pred: 1.59
loss_sim: 0.49
acc : 87.03%

avg_kernels: 2107.00

epoch 58
--------------------------------------------------------------------------------
## Train ##
loss_pred: 1.46
loss_sim: 0.49
acc : 100.00%

## Validation ##
loss_pred: 1.60
loss_sim: 0.49
acc : 86.68%

avg_kernels: 2097.80


*** Train head ***

epoch 59
--------------------------------------------------------------------------------
## Train ##
loss_pred: 1.46
loss_sim: 0.49
acc : 100.00%

## Validation ##
loss_pred: 1.60
loss_sim: 0.49
acc : 86.82%

avg_kernels: 2097.80

epoch 60
--------------------------------------------------------------------------------
## Train ##
loss_pred: 1.46
loss_sim: 0.49
acc : 100.00%

## Validation ##
loss_pred: 1.59
loss_sim: 0.49
acc : 87.03%

avg_kernels: 2097.80


*** Modularize ***

epoch 61
--------------------------------------------------------------------------------
## Train ##
loss_pred: 1.46
loss_sim: 0.49
acc : 99.99%

## Validation ##
loss_pred: 1.59
loss_sim: 0.49
acc : 86.49%

avg_kernels: 2080.20

epoch 62
--------------------------------------------------------------------------------
## Train ##
loss_pred: 1.46
loss_sim: 0.48
acc : 100.00%

## Validation ##
loss_pred: 1.59
loss_sim: 0.48
acc : 86.44%

avg_kernels: 2077.80

epoch 63
--------------------------------------------------------------------------------
## Train ##
loss_pred: 1.46
loss_sim: 0.48
acc : 100.00%

## Validation ##
loss_pred: 1.59
loss_sim: 0.48
acc : 87.02%

avg_kernels: 2068.90

epoch 64
--------------------------------------------------------------------------------
## Train ##
loss_pred: 1.46
loss_sim: 0.48
acc : 99.99%

## Validation ##
loss_pred: 1.59
loss_sim: 0.48
acc : 86.92%

avg_kernels: 2061.30

epoch 65
--------------------------------------------------------------------------------
## Train ##
loss_pred: 1.46
loss_sim: 0.48
acc : 99.99%

## Validation ##
loss_pred: 1.59
loss_sim: 0.48
acc : 86.87%

avg_kernels: 2057.30


*** Train head ***

epoch 66
--------------------------------------------------------------------------------
## Train ##
loss_pred: 1.46
loss_sim: 0.48
acc : 99.99%

## Validation ##
loss_pred: 1.60
loss_sim: 0.48
acc : 86.79%

avg_kernels: 2057.30

epoch 67
--------------------------------------------------------------------------------
## Train ##
loss_pred: 1.46
loss_sim: 0.48
acc : 99.99%

## Validation ##
loss_pred: 1.60
loss_sim: 0.48
acc : 86.78%

avg_kernels: 2057.30


*** Modularize ***

epoch 68
--------------------------------------------------------------------------------
## Train ##
loss_pred: 1.46
loss_sim: 0.48
acc : 100.00%

## Validation ##
loss_pred: 1.59
loss_sim: 0.48
acc : 87.01%

avg_kernels: 2038.70

epoch 69
--------------------------------------------------------------------------------
## Train ##
loss_pred: 1.46
loss_sim: 0.47
acc : 100.00%

## Validation ##
loss_pred: 1.59
loss_sim: 0.47
acc : 86.59%

avg_kernels: 2030.80

epoch 70
--------------------------------------------------------------------------------
## Train ##
loss_pred: 1.46
loss_sim: 0.47
acc : 99.98%

## Validation ##
loss_pred: 1.59
loss_sim: 0.47
acc : 86.72%

avg_kernels: 2025.90

epoch 71
--------------------------------------------------------------------------------
## Train ##
loss_pred: 1.46
loss_sim: 0.47
acc : 100.00%

## Validation ##
loss_pred: 1.59
loss_sim: 0.47
acc : 86.75%

avg_kernels: 2021.00

epoch 72
--------------------------------------------------------------------------------
## Train ##
loss_pred: 1.46
loss_sim: 0.47
acc : 99.99%

## Validation ##
loss_pred: 1.60
loss_sim: 0.47
acc : 86.76%

avg_kernels: 2014.00


*** Train head ***

epoch 73
--------------------------------------------------------------------------------
## Train ##
loss_pred: 1.46
loss_sim: 0.47
acc : 99.98%

## Validation ##
loss_pred: 1.60
loss_sim: 0.47
acc : 86.59%

avg_kernels: 2014.00

epoch 74
--------------------------------------------------------------------------------
## Train ##
loss_pred: 1.46
loss_sim: 0.47
acc : 99.98%

## Validation ##
loss_pred: 1.59
loss_sim: 0.47
acc : 86.73%

avg_kernels: 2014.00

====================================================================================================

best_epoch: 4
best_acc: 88.60%
best_avg_kernel: 4288.00
[(4, tensor(0.8860, device='cuda:0')), (12, tensor(0.8859, device='cuda:0')), (3, tensor(0.8857, device='cuda:0')), (5, tensor(0.8856, device='cuda:0')), (6, tensor(0.8852, device='cuda:0')), (1, tensor(0.8851, device='cuda:0')), (8, tensor(0.8843, device='cuda:0')), (10, tensor(0.8840, device='cuda:0')), (11, tensor(0.8836, device='cuda:0')), (2, tensor(0.8835, device='cuda:0')), (0, tensor(0.8833, device='cuda:0')), (7, tensor(0.8832, device='cuda:0')), (9, tensor(0.8823, device='cuda:0')), (26, tensor(0.8814, device='cuda:0')), (27, tensor(0.8810, device='cuda:0')), (15, tensor(0.8807, device='cuda:0')), (20, tensor(0.8790, device='cuda:0')), (21, tensor(0.8790, device='cuda:0')), (28, tensor(0.8790, device='cuda:0')), (19, tensor(0.8787, device='cuda:0')), (17, tensor(0.8787, device='cuda:0')), (22, tensor(0.8786, device='cuda:0')), (23, tensor(0.8783, device='cuda:0')), (16, tensor(0.8780, device='cuda:0')), (14, tensor(0.8774, device='cuda:0')), (30, tensor(0.8771, device='cuda:0')), (29, tensor(0.8764, device='cuda:0')), (13, tensor(0.8762, device='cuda:0')), (35, tensor(0.8761, device='cuda:0')), (31, tensor(0.8759, device='cuda:0')), (24, tensor(0.8758, device='cuda:0')), (18, tensor(0.8756, device='cuda:0')), (32, tensor(0.8755, device='cuda:0')), (25, tensor(0.8755, device='cuda:0')), (39, tensor(0.8752, device='cuda:0')), (33, tensor(0.8749, device='cuda:0')), (49, tensor(0.8746, device='cuda:0')), (36, tensor(0.8743, device='cuda:0')), (42, tensor(0.8742, device='cuda:0')), (38, tensor(0.8739, device='cuda:0')), (40, tensor(0.8737, device='cuda:0')), (43, tensor(0.8736, device='cuda:0')), (34, tensor(0.8731, device='cuda:0')), (48, tensor(0.8729, device='cuda:0')), (37, tensor(0.8728, device='cuda:0')), (41, tensor(0.8726, device='cuda:0')), (54, tensor(0.8716, device='cuda:0')), (46, tensor(0.8713, device='cuda:0')), (44, tensor(0.8713, device='cuda:0')), (55, tensor(0.8709, device='cuda:0')), (47, tensor(0.8706, device='cuda:0')), (52, tensor(0.8704, device='cuda:0')), (57, tensor(0.8703, device='cuda:0')), (60, tensor(0.8703, device='cuda:0')), (56, tensor(0.8702, device='cuda:0')), (63, tensor(0.8702, device='cuda:0')), (68, tensor(0.8701, device='cuda:0')), (45, tensor(0.8697, device='cuda:0')), (51, tensor(0.8692, device='cuda:0')), (64, tensor(0.8692, device='cuda:0')), (65, tensor(0.8687, device='cuda:0')), (53, tensor(0.8682, device='cuda:0')), (59, tensor(0.8682, device='cuda:0')), (66, tensor(0.8679, device='cuda:0')), (67, tensor(0.8678, device='cuda:0')), (72, tensor(0.8676, device='cuda:0')), (50, tensor(0.8675, device='cuda:0')), (71, tensor(0.8675, device='cuda:0')), (74, tensor(0.8673, device='cuda:0')), (70, tensor(0.8672, device='cuda:0')), (58, tensor(0.8668, device='cuda:0')), (73, tensor(0.8659, device='cuda:0')), (69, tensor(0.8659, device='cuda:0')), (61, tensor(0.8649, device='cuda:0')), (62, tensor(0.8644, device='cuda:0'))]
