Namespace(model='rescnn', dataset='cifar10', estimator_idx=14, init_type='ones', lr_head=0.01, lr_modularity=0.001, epoch_strategy='5,70', batch_size=64, alpha=0.1)
Files already downloaded and verified
Sequential(
  (0): Linear(in_features=10, out_features=10, bias=True)
  (1): ReLU()
  (2): Linear(in_features=10, out_features=1, bias=True)
)
epoch 0
--------------------------------------------------------------------------------
## Train ##
loss_pred: 1.51
loss_sim: 1.00
acc : 96.51%

## Validation ##
loss_pred: 1.56
loss_sim: 1.00
acc : 89.37%

avg_kernels: 4288.00

epoch 1
--------------------------------------------------------------------------------
## Train ##
loss_pred: 1.47
loss_sim: 1.00
acc : 99.01%

## Validation ##
loss_pred: 1.57
loss_sim: 1.00
acc : 89.98%

avg_kernels: 4288.00

epoch 2
--------------------------------------------------------------------------------
## Train ##
loss_pred: 1.47
loss_sim: 1.00
acc : 99.83%

## Validation ##
loss_pred: 1.56
loss_sim: 1.00
acc : 90.05%

avg_kernels: 4288.00

epoch 3
--------------------------------------------------------------------------------
## Train ##
loss_pred: 1.46
loss_sim: 1.00
acc : 100.00%

## Validation ##
loss_pred: 1.56
loss_sim: 1.00
acc : 89.85%

avg_kernels: 4288.00

epoch 4
--------------------------------------------------------------------------------
## Train ##
loss_pred: 1.46
loss_sim: 1.00
acc : 100.00%

## Validation ##
loss_pred: 1.56
loss_sim: 1.00
acc : 89.66%

avg_kernels: 4288.00


*** Modularize ***

epoch 5
--------------------------------------------------------------------------------
## Train ##
loss_pred: 1.46
loss_sim: 1.00
acc : 100.00%

## Validation ##
loss_pred: 1.56
loss_sim: 1.00
acc : 90.01%

avg_kernels: 4288.00

epoch 6
--------------------------------------------------------------------------------
## Train ##
loss_pred: 1.46
loss_sim: 1.00
acc : 100.00%

## Validation ##
loss_pred: 1.56
loss_sim: 1.00
acc : 89.95%

avg_kernels: 4288.00

epoch 7
--------------------------------------------------------------------------------
## Train ##
loss_pred: 1.46
loss_sim: 1.00
acc : 100.00%

## Validation ##
loss_pred: 1.56
loss_sim: 1.00
acc : 90.00%

avg_kernels: 4288.00

epoch 8
--------------------------------------------------------------------------------
## Train ##
loss_pred: 1.46
loss_sim: 0.97
acc : 100.00%

## Validation ##
loss_pred: 1.56
loss_sim: 0.87
acc : 89.75%

avg_kernels: 3744.80

epoch 9
--------------------------------------------------------------------------------
## Train ##
loss_pred: 1.46
loss_sim: 0.83
acc : 99.99%

## Validation ##
loss_pred: 1.56
loss_sim: 0.80
acc : 89.85%

avg_kernels: 3439.60


*** Train head ***

epoch 10
--------------------------------------------------------------------------------
## Train ##
loss_pred: 1.46
loss_sim: 0.80
acc : 100.00%

## Validation ##
loss_pred: 1.56
loss_sim: 0.80
acc : 89.84%

avg_kernels: 3439.60

epoch 11
--------------------------------------------------------------------------------
## Train ##
loss_pred: 1.46
loss_sim: 0.80
acc : 100.00%

## Validation ##
loss_pred: 1.56
loss_sim: 0.80
acc : 89.93%

avg_kernels: 3439.60


*** Modularize ***

epoch 12
--------------------------------------------------------------------------------
## Train ##
loss_pred: 1.46
loss_sim: 0.78
acc : 100.00%

## Validation ##
loss_pred: 1.56
loss_sim: 0.76
acc : 89.83%

avg_kernels: 3255.90

epoch 13
--------------------------------------------------------------------------------
## Train ##
loss_pred: 1.46
loss_sim: 0.75
acc : 100.00%

## Validation ##
loss_pred: 1.56
loss_sim: 0.74
acc : 89.66%

avg_kernels: 3169.40

epoch 14
--------------------------------------------------------------------------------
## Train ##
loss_pred: 1.46
loss_sim: 0.73
acc : 100.00%

## Validation ##
loss_pred: 1.56
loss_sim: 0.72
acc : 89.92%

avg_kernels: 3096.20

epoch 15
--------------------------------------------------------------------------------
## Train ##
loss_pred: 1.46
loss_sim: 0.71
acc : 100.00%

## Validation ##
loss_pred: 1.56
loss_sim: 0.71
acc : 90.09%

avg_kernels: 3028.80

epoch 16
--------------------------------------------------------------------------------
## Train ##
loss_pred: 1.46
loss_sim: 0.70
acc : 99.99%

## Validation ##
loss_pred: 1.56
loss_sim: 0.69
acc : 89.79%

avg_kernels: 2971.80


*** Train head ***

epoch 17
--------------------------------------------------------------------------------
## Train ##
loss_pred: 1.46
loss_sim: 0.69
acc : 100.00%

## Validation ##
loss_pred: 1.56
loss_sim: 0.69
acc : 89.79%

avg_kernels: 2971.80

epoch 18
--------------------------------------------------------------------------------
## Train ##
loss_pred: 1.46
loss_sim: 0.69
acc : 100.00%

## Validation ##
loss_pred: 1.56
loss_sim: 0.69
acc : 89.94%

avg_kernels: 2971.80


*** Modularize ***

epoch 19
--------------------------------------------------------------------------------
## Train ##
loss_pred: 1.46
loss_sim: 0.68
acc : 100.00%

## Validation ##
loss_pred: 1.56
loss_sim: 0.67
acc : 90.05%

avg_kernels: 2887.50

epoch 20
--------------------------------------------------------------------------------
## Train ##
loss_pred: 1.46
loss_sim: 0.67
acc : 99.99%

## Validation ##
loss_pred: 1.56
loss_sim: 0.66
acc : 89.93%

avg_kernels: 2836.10

epoch 21
--------------------------------------------------------------------------------
## Train ##
loss_pred: 1.46
loss_sim: 0.66
acc : 100.00%

## Validation ##
loss_pred: 1.56
loss_sim: 0.65
acc : 89.79%

avg_kernels: 2788.40

epoch 22
--------------------------------------------------------------------------------
## Train ##
loss_pred: 1.46
loss_sim: 0.64
acc : 99.99%

## Validation ##
loss_pred: 1.56
loss_sim: 0.64
acc : 89.83%

avg_kernels: 2744.00

epoch 23
--------------------------------------------------------------------------------
## Train ##
loss_pred: 1.46
loss_sim: 0.64
acc : 99.99%

## Validation ##
loss_pred: 1.56
loss_sim: 0.63
acc : 89.85%

avg_kernels: 2706.80


*** Train head ***

epoch 24
--------------------------------------------------------------------------------
## Train ##
loss_pred: 1.46
loss_sim: 0.63
acc : 99.99%

## Validation ##
loss_pred: 1.56
loss_sim: 0.63
acc : 89.82%

avg_kernels: 2706.80

epoch 25
--------------------------------------------------------------------------------
## Train ##
loss_pred: 1.46
loss_sim: 0.63
acc : 99.99%

## Validation ##
loss_pred: 1.56
loss_sim: 0.63
acc : 89.77%

avg_kernels: 2706.80


*** Modularize ***

epoch 26
--------------------------------------------------------------------------------
## Train ##
loss_pred: 1.46
loss_sim: 0.62
acc : 99.99%

## Validation ##
loss_pred: 1.56
loss_sim: 0.61
acc : 89.70%

avg_kernels: 2637.10

epoch 27
--------------------------------------------------------------------------------
## Train ##
loss_pred: 1.46
loss_sim: 0.61
acc : 99.99%

## Validation ##
loss_pred: 1.56
loss_sim: 0.61
acc : 89.60%

avg_kernels: 2603.80

epoch 28
--------------------------------------------------------------------------------
## Train ##
loss_pred: 1.46
loss_sim: 0.60
acc : 99.99%

## Validation ##
loss_pred: 1.56
loss_sim: 0.60
acc : 89.82%

avg_kernels: 2574.50

epoch 29
--------------------------------------------------------------------------------
## Train ##
loss_pred: 1.46
loss_sim: 0.60
acc : 99.98%

## Validation ##
loss_pred: 1.56
loss_sim: 0.59
acc : 89.67%

avg_kernels: 2543.80

epoch 30
--------------------------------------------------------------------------------
## Train ##
loss_pred: 1.46
loss_sim: 0.59
acc : 99.98%

## Validation ##
loss_pred: 1.56
loss_sim: 0.59
acc : 89.81%

avg_kernels: 2514.00


*** Train head ***

epoch 31
--------------------------------------------------------------------------------
## Train ##
loss_pred: 1.46
loss_sim: 0.59
acc : 99.99%

## Validation ##
loss_pred: 1.56
loss_sim: 0.59
acc : 89.66%

avg_kernels: 2514.00

epoch 32
--------------------------------------------------------------------------------
## Train ##
loss_pred: 1.46
loss_sim: 0.59
acc : 99.99%

## Validation ##
loss_pred: 1.56
loss_sim: 0.59
acc : 89.72%

avg_kernels: 2514.00


*** Modularize ***

epoch 33
--------------------------------------------------------------------------------
## Train ##
loss_pred: 1.46
loss_sim: 0.58
acc : 99.98%

## Validation ##
loss_pred: 1.56
loss_sim: 0.58
acc : 89.90%

avg_kernels: 2472.30

epoch 34
--------------------------------------------------------------------------------
## Train ##
loss_pred: 1.46
loss_sim: 0.57
acc : 99.98%

## Validation ##
loss_pred: 1.56
loss_sim: 0.57
acc : 90.05%

avg_kernels: 2445.60

epoch 35
--------------------------------------------------------------------------------
## Train ##
loss_pred: 1.46
loss_sim: 0.57
acc : 99.98%

## Validation ##
loss_pred: 1.56
loss_sim: 0.57
acc : 89.89%

avg_kernels: 2426.50

epoch 36
--------------------------------------------------------------------------------
## Train ##
loss_pred: 1.46
loss_sim: 0.56
acc : 99.98%

## Validation ##
loss_pred: 1.56
loss_sim: 0.56
acc : 89.93%

avg_kernels: 2406.10

epoch 37
--------------------------------------------------------------------------------
## Train ##
loss_pred: 1.46
loss_sim: 0.56
acc : 99.99%

## Validation ##
loss_pred: 1.56
loss_sim: 0.56
acc : 89.99%

avg_kernels: 2390.20


*** Train head ***

epoch 38
--------------------------------------------------------------------------------
## Train ##
loss_pred: 1.46
loss_sim: 0.56
acc : 100.00%

## Validation ##
loss_pred: 1.56
loss_sim: 0.56
acc : 90.04%

avg_kernels: 2390.20

epoch 39
--------------------------------------------------------------------------------
## Train ##
loss_pred: 1.46
loss_sim: 0.56
acc : 100.00%

## Validation ##
loss_pred: 1.56
loss_sim: 0.56
acc : 90.04%

avg_kernels: 2390.20


*** Modularize ***

epoch 40
--------------------------------------------------------------------------------
## Train ##
loss_pred: 1.46
loss_sim: 0.55
acc : 99.99%

## Validation ##
loss_pred: 1.56
loss_sim: 0.55
acc : 90.01%

avg_kernels: 2355.70

epoch 41
--------------------------------------------------------------------------------
## Train ##
loss_pred: 1.46
loss_sim: 0.55
acc : 99.99%

## Validation ##
loss_pred: 1.56
loss_sim: 0.55
acc : 89.86%

avg_kernels: 2343.70

epoch 42
--------------------------------------------------------------------------------
## Train ##
loss_pred: 1.46
loss_sim: 0.54
acc : 99.98%

## Validation ##
loss_pred: 1.56
loss_sim: 0.54
acc : 90.06%

avg_kernels: 2327.90

epoch 43
--------------------------------------------------------------------------------
## Train ##
loss_pred: 1.46
loss_sim: 0.54
acc : 99.99%

## Validation ##
loss_pred: 1.56
loss_sim: 0.54
acc : 90.19%

avg_kernels: 2311.60

epoch 44
--------------------------------------------------------------------------------
## Train ##
loss_pred: 1.46
loss_sim: 0.54
acc : 99.99%

## Validation ##
loss_pred: 1.56
loss_sim: 0.54
acc : 90.09%

avg_kernels: 2296.20


*** Train head ***

epoch 45
--------------------------------------------------------------------------------
## Train ##
loss_pred: 1.46
loss_sim: 0.54
acc : 99.99%

## Validation ##
loss_pred: 1.56
loss_sim: 0.54
acc : 89.90%

avg_kernels: 2296.20

epoch 46
--------------------------------------------------------------------------------
## Train ##
loss_pred: 1.46
loss_sim: 0.54
acc : 99.99%

## Validation ##
loss_pred: 1.56
loss_sim: 0.54
acc : 90.10%

avg_kernels: 2296.20


*** Modularize ***

epoch 47
--------------------------------------------------------------------------------
## Train ##
loss_pred: 1.46
loss_sim: 0.53
acc : 99.98%

## Validation ##
loss_pred: 1.56
loss_sim: 0.53
acc : 89.84%

avg_kernels: 2268.80

epoch 48
--------------------------------------------------------------------------------
## Train ##
loss_pred: 1.46
loss_sim: 0.53
acc : 99.98%

## Validation ##
loss_pred: 1.56
loss_sim: 0.53
acc : 89.72%

avg_kernels: 2254.50

epoch 49
--------------------------------------------------------------------------------
## Train ##
loss_pred: 1.46
loss_sim: 0.52
acc : 99.98%

## Validation ##
loss_pred: 1.56
loss_sim: 0.52
acc : 89.77%

avg_kernels: 2240.80

epoch 50
--------------------------------------------------------------------------------
## Train ##
loss_pred: 1.46
loss_sim: 0.52
acc : 99.99%

## Validation ##
loss_pred: 1.56
loss_sim: 0.52
acc : 89.84%

avg_kernels: 2231.00

epoch 51
--------------------------------------------------------------------------------
## Train ##
loss_pred: 1.46
loss_sim: 0.52
acc : 99.98%

## Validation ##
loss_pred: 1.56
loss_sim: 0.52
acc : 89.81%

avg_kernels: 2217.70


*** Train head ***

epoch 52
--------------------------------------------------------------------------------
## Train ##
loss_pred: 1.46
loss_sim: 0.52
acc : 99.98%

## Validation ##
loss_pred: 1.56
loss_sim: 0.52
acc : 89.99%

avg_kernels: 2217.70

epoch 53
--------------------------------------------------------------------------------
## Train ##
loss_pred: 1.46
loss_sim: 0.52
acc : 99.98%

## Validation ##
loss_pred: 1.56
loss_sim: 0.52
acc : 89.86%

avg_kernels: 2217.70


*** Modularize ***

epoch 54
--------------------------------------------------------------------------------
## Train ##
loss_pred: 1.46
loss_sim: 0.51
acc : 99.98%

## Validation ##
loss_pred: 1.56
loss_sim: 0.51
acc : 89.52%

avg_kernels: 2195.10

epoch 55
--------------------------------------------------------------------------------
## Train ##
loss_pred: 1.46
loss_sim: 0.51
acc : 99.97%

## Validation ##
loss_pred: 1.56
loss_sim: 0.51
acc : 89.82%

avg_kernels: 2185.40

epoch 56
--------------------------------------------------------------------------------
## Train ##
loss_pred: 1.46
loss_sim: 0.51
acc : 99.98%

## Validation ##
loss_pred: 1.56
loss_sim: 0.51
acc : 89.74%

avg_kernels: 2176.90

epoch 57
--------------------------------------------------------------------------------
## Train ##
loss_pred: 1.46
loss_sim: 0.51
acc : 99.96%

## Validation ##
loss_pred: 1.56
loss_sim: 0.51
acc : 89.50%

avg_kernels: 2165.50

epoch 58
--------------------------------------------------------------------------------
## Train ##
loss_pred: 1.46
loss_sim: 0.50
acc : 99.99%

## Validation ##
loss_pred: 1.56
loss_sim: 0.50
acc : 89.53%

avg_kernels: 2158.90


*** Train head ***

epoch 59
--------------------------------------------------------------------------------
## Train ##
loss_pred: 1.46
loss_sim: 0.50
acc : 99.98%

## Validation ##
loss_pred: 1.56
loss_sim: 0.50
acc : 89.66%

avg_kernels: 2158.90

epoch 60
--------------------------------------------------------------------------------
## Train ##
loss_pred: 1.46
loss_sim: 0.50
acc : 99.98%

## Validation ##
loss_pred: 1.56
loss_sim: 0.50
acc : 89.54%

avg_kernels: 2158.90


*** Modularize ***

epoch 61
--------------------------------------------------------------------------------
## Train ##
loss_pred: 1.46
loss_sim: 0.50
acc : 99.97%

## Validation ##
loss_pred: 1.56
loss_sim: 0.50
acc : 89.14%

avg_kernels: 2143.90

epoch 62
--------------------------------------------------------------------------------
## Train ##
loss_pred: 1.46
loss_sim: 0.50
acc : 99.98%

## Validation ##
loss_pred: 1.56
loss_sim: 0.50
acc : 89.78%

avg_kernels: 2132.00

epoch 63
--------------------------------------------------------------------------------
## Train ##
loss_pred: 1.46
loss_sim: 0.50
acc : 99.97%

## Validation ##
loss_pred: 1.56
loss_sim: 0.50
acc : 89.41%

avg_kernels: 2124.00

epoch 64
--------------------------------------------------------------------------------
## Train ##
loss_pred: 1.46
loss_sim: 0.49
acc : 99.95%

## Validation ##
loss_pred: 1.56
loss_sim: 0.49
acc : 89.45%

avg_kernels: 2117.40

epoch 65
--------------------------------------------------------------------------------
## Train ##
loss_pred: 1.46
loss_sim: 0.49
acc : 99.96%

## Validation ##
loss_pred: 1.56
loss_sim: 0.49
acc : 89.49%

avg_kernels: 2109.50


*** Train head ***

epoch 66
--------------------------------------------------------------------------------
## Train ##
loss_pred: 1.46
loss_sim: 0.49
acc : 99.98%

## Validation ##
loss_pred: 1.56
loss_sim: 0.49
acc : 89.66%

avg_kernels: 2109.50

epoch 67
--------------------------------------------------------------------------------
## Train ##
loss_pred: 1.46
loss_sim: 0.49
acc : 99.99%

## Validation ##
loss_pred: 1.56
loss_sim: 0.49
acc : 89.51%

avg_kernels: 2109.50


*** Modularize ***

epoch 68
--------------------------------------------------------------------------------
## Train ##
loss_pred: 1.46
loss_sim: 0.49
acc : 99.97%

## Validation ##
loss_pred: 1.56
loss_sim: 0.49
acc : 89.64%

avg_kernels: 2094.70

epoch 69
--------------------------------------------------------------------------------
## Train ##
loss_pred: 1.46
loss_sim: 0.49
acc : 99.95%

## Validation ##
loss_pred: 1.57
loss_sim: 0.49
acc : 89.38%

avg_kernels: 2086.50

epoch 70
--------------------------------------------------------------------------------
## Train ##
loss_pred: 1.46
loss_sim: 0.49
acc : 99.95%

## Validation ##
loss_pred: 1.56
loss_sim: 0.49
acc : 89.49%

avg_kernels: 2081.80

epoch 71
--------------------------------------------------------------------------------
## Train ##
loss_pred: 1.46
loss_sim: 0.48
acc : 99.96%

## Validation ##
loss_pred: 1.56
loss_sim: 0.48
acc : 89.51%

avg_kernels: 2073.60

epoch 72
--------------------------------------------------------------------------------
## Train ##
loss_pred: 1.46
loss_sim: 0.48
acc : 99.96%

## Validation ##
loss_pred: 1.56
loss_sim: 0.48
acc : 89.47%

avg_kernels: 2067.90


*** Train head ***

epoch 73
--------------------------------------------------------------------------------
## Train ##
loss_pred: 1.46
loss_sim: 0.48
acc : 99.97%

## Validation ##
loss_pred: 1.56
loss_sim: 0.48
acc : 89.43%

avg_kernels: 2067.90

epoch 74
--------------------------------------------------------------------------------
## Train ##
loss_pred: 1.46
loss_sim: 0.48
acc : 99.98%

## Validation ##
loss_pred: 1.56
loss_sim: 0.48
acc : 89.39%

avg_kernels: 2067.90

====================================================================================================

best_epoch: 43
best_acc: 90.19%
best_avg_kernel: 2311.60
[(43, tensor(0.9019, device='cuda:0')), (46, tensor(0.9010, device='cuda:0')), (15, tensor(0.9009, device='cuda:0')), (44, tensor(0.9009, device='cuda:0')), (42, tensor(0.9006, device='cuda:0')), (2, tensor(0.9005, device='cuda:0')), (34, tensor(0.9005, device='cuda:0')), (19, tensor(0.9005, device='cuda:0')), (38, tensor(0.9004, device='cuda:0')), (39, tensor(0.9004, device='cuda:0')), (5, tensor(0.9001, device='cuda:0')), (40, tensor(0.9001, device='cuda:0')), (7, tensor(0.9000, device='cuda:0')), (37, tensor(0.8999, device='cuda:0')), (52, tensor(0.8999, device='cuda:0')), (1, tensor(0.8998, device='cuda:0')), (6, tensor(0.8995, device='cuda:0')), (18, tensor(0.8994, device='cuda:0')), (20, tensor(0.8993, device='cuda:0')), (36, tensor(0.8993, device='cuda:0')), (11, tensor(0.8993, device='cuda:0')), (14, tensor(0.8992, device='cuda:0')), (33, tensor(0.8990, device='cuda:0')), (45, tensor(0.8990, device='cuda:0')), (35, tensor(0.8989, device='cuda:0')), (53, tensor(0.8986, device='cuda:0')), (41, tensor(0.8986, device='cuda:0')), (9, tensor(0.8985, device='cuda:0')), (3, tensor(0.8985, device='cuda:0')), (23, tensor(0.8985, device='cuda:0')), (10, tensor(0.8984, device='cuda:0')), (47, tensor(0.8984, device='cuda:0')), (50, tensor(0.8984, device='cuda:0')), (12, tensor(0.8983, device='cuda:0')), (22, tensor(0.8983, device='cuda:0')), (28, tensor(0.8982, device='cuda:0')), (55, tensor(0.8982, device='cuda:0')), (24, tensor(0.8982, device='cuda:0')), (51, tensor(0.8981, device='cuda:0')), (30, tensor(0.8981, device='cuda:0')), (17, tensor(0.8979, device='cuda:0')), (21, tensor(0.8979, device='cuda:0')), (16, tensor(0.8979, device='cuda:0')), (62, tensor(0.8978, device='cuda:0')), (49, tensor(0.8977, device='cuda:0')), (25, tensor(0.8977, device='cuda:0')), (8, tensor(0.8975, device='cuda:0')), (56, tensor(0.8974, device='cuda:0')), (32, tensor(0.8972, device='cuda:0')), (48, tensor(0.8972, device='cuda:0')), (26, tensor(0.8970, device='cuda:0')), (29, tensor(0.8967, device='cuda:0')), (13, tensor(0.8966, device='cuda:0')), (31, tensor(0.8966, device='cuda:0')), (59, tensor(0.8966, device='cuda:0')), (4, tensor(0.8966, device='cuda:0')), (66, tensor(0.8966, device='cuda:0')), (68, tensor(0.8964, device='cuda:0')), (27, tensor(0.8960, device='cuda:0')), (60, tensor(0.8954, device='cuda:0')), (58, tensor(0.8953, device='cuda:0')), (54, tensor(0.8952, device='cuda:0')), (67, tensor(0.8951, device='cuda:0')), (71, tensor(0.8951, device='cuda:0')), (57, tensor(0.8950, device='cuda:0')), (65, tensor(0.8949, device='cuda:0')), (70, tensor(0.8949, device='cuda:0')), (72, tensor(0.8947, device='cuda:0')), (64, tensor(0.8945, device='cuda:0')), (73, tensor(0.8943, device='cuda:0')), (63, tensor(0.8941, device='cuda:0')), (74, tensor(0.8939, device='cuda:0')), (69, tensor(0.8938, device='cuda:0')), (0, tensor(0.8937, device='cuda:0')), (61, tensor(0.8914, device='cuda:0'))]
