Namespace(model='rescnn', dataset='cifar10', estimator_idx=3, init_type='ones', lr_head=0.01, lr_modularity=0.001, epoch_strategy='5,70', batch_size=64, alpha=0.1)
Files already downloaded and verified
Sequential(
  (0): Linear(in_features=10, out_features=10, bias=True)
  (1): ReLU()
  (2): Linear(in_features=10, out_features=1, bias=True)
)
epoch 0
--------------------------------------------------------------------------------
## Train ##
loss_pred: 1.51
loss_sim: 1.00
acc : 95.19%

## Validation ##
loss_pred: 1.58
loss_sim: 1.00
acc : 88.16%

avg_kernels: 4288.00

epoch 1
--------------------------------------------------------------------------------
## Train ##
loss_pred: 1.46
loss_sim: 1.00
acc : 99.99%

## Validation ##
loss_pred: 1.58
loss_sim: 1.00
acc : 88.09%

avg_kernels: 4288.00

epoch 2
--------------------------------------------------------------------------------
## Train ##
loss_pred: 1.46
loss_sim: 1.00
acc : 99.99%

## Validation ##
loss_pred: 1.58
loss_sim: 1.00
acc : 87.84%

avg_kernels: 4288.00

epoch 3
--------------------------------------------------------------------------------
## Train ##
loss_pred: 1.46
loss_sim: 1.00
acc : 99.99%

## Validation ##
loss_pred: 1.58
loss_sim: 1.00
acc : 88.07%

avg_kernels: 4288.00

epoch 4
--------------------------------------------------------------------------------
## Train ##
loss_pred: 1.46
loss_sim: 1.00
acc : 99.99%

## Validation ##
loss_pred: 1.58
loss_sim: 1.00
acc : 87.79%

avg_kernels: 4288.00


*** Modularize ***

epoch 5
--------------------------------------------------------------------------------
## Train ##
loss_pred: 1.46
loss_sim: 1.00
acc : 99.99%

## Validation ##
loss_pred: 1.58
loss_sim: 1.00
acc : 88.20%

avg_kernels: 4288.00

epoch 6
--------------------------------------------------------------------------------
## Train ##
loss_pred: 1.46
loss_sim: 1.00
acc : 99.99%

## Validation ##
loss_pred: 1.58
loss_sim: 1.00
acc : 87.98%

avg_kernels: 4288.00

epoch 7
--------------------------------------------------------------------------------
## Train ##
loss_pred: 1.46
loss_sim: 1.00
acc : 99.99%

## Validation ##
loss_pred: 1.58
loss_sim: 1.00
acc : 88.12%

avg_kernels: 4288.00

epoch 8
--------------------------------------------------------------------------------
## Train ##
loss_pred: 1.46
loss_sim: 1.00
acc : 99.99%

## Validation ##
loss_pred: 1.58
loss_sim: 1.00
acc : 88.01%

avg_kernels: 4288.00

epoch 9
--------------------------------------------------------------------------------
## Train ##
loss_pred: 1.46
loss_sim: 0.90
acc : 99.99%

## Validation ##
loss_pred: 1.58
loss_sim: 0.83
acc : 87.90%

avg_kernels: 3551.20


*** Train head ***

epoch 10
--------------------------------------------------------------------------------
## Train ##
loss_pred: 1.46
loss_sim: 0.83
acc : 99.99%

## Validation ##
loss_pred: 1.58
loss_sim: 0.83
acc : 87.84%

avg_kernels: 3551.20

epoch 11
--------------------------------------------------------------------------------
## Train ##
loss_pred: 1.46
loss_sim: 0.83
acc : 99.99%

## Validation ##
loss_pred: 1.58
loss_sim: 0.83
acc : 87.87%

avg_kernels: 3551.20


*** Modularize ***

epoch 12
--------------------------------------------------------------------------------
## Train ##
loss_pred: 1.46
loss_sim: 0.80
acc : 99.99%

## Validation ##
loss_pred: 1.58
loss_sim: 0.78
acc : 87.65%

avg_kernels: 3356.00

epoch 13
--------------------------------------------------------------------------------
## Train ##
loss_pred: 1.46
loss_sim: 0.77
acc : 99.99%

## Validation ##
loss_pred: 1.58
loss_sim: 0.76
acc : 88.12%

avg_kernels: 3263.50

epoch 14
--------------------------------------------------------------------------------
## Train ##
loss_pred: 1.46
loss_sim: 0.75
acc : 99.99%

## Validation ##
loss_pred: 1.58
loss_sim: 0.74
acc : 87.93%

avg_kernels: 3187.40

epoch 15
--------------------------------------------------------------------------------
## Train ##
loss_pred: 1.46
loss_sim: 0.74
acc : 99.99%

## Validation ##
loss_pred: 1.58
loss_sim: 0.73
acc : 88.22%

avg_kernels: 3122.70

epoch 16
--------------------------------------------------------------------------------
## Train ##
loss_pred: 1.46
loss_sim: 0.72
acc : 99.99%

## Validation ##
loss_pred: 1.58
loss_sim: 0.71
acc : 88.36%

avg_kernels: 3064.20


*** Train head ***

epoch 17
--------------------------------------------------------------------------------
## Train ##
loss_pred: 1.46
loss_sim: 0.71
acc : 99.99%

## Validation ##
loss_pred: 1.58
loss_sim: 0.71
acc : 88.25%

avg_kernels: 3064.20

epoch 18
--------------------------------------------------------------------------------
## Train ##
loss_pred: 1.46
loss_sim: 0.71
acc : 99.99%

## Validation ##
loss_pred: 1.58
loss_sim: 0.71
acc : 88.00%

avg_kernels: 3064.20


*** Modularize ***

epoch 19
--------------------------------------------------------------------------------
## Train ##
loss_pred: 1.46
loss_sim: 0.70
acc : 99.99%

## Validation ##
loss_pred: 1.58
loss_sim: 0.69
acc : 88.22%

avg_kernels: 2973.50

epoch 20
--------------------------------------------------------------------------------
## Train ##
loss_pred: 1.46
loss_sim: 0.69
acc : 99.99%

## Validation ##
loss_pred: 1.58
loss_sim: 0.68
acc : 88.18%

avg_kernels: 2913.50

epoch 21
--------------------------------------------------------------------------------
## Train ##
loss_pred: 1.46
loss_sim: 0.67
acc : 99.99%

## Validation ##
loss_pred: 1.58
loss_sim: 0.67
acc : 88.05%

avg_kernels: 2867.30

epoch 22
--------------------------------------------------------------------------------
## Train ##
loss_pred: 1.46
loss_sim: 0.66
acc : 99.99%

## Validation ##
loss_pred: 1.58
loss_sim: 0.66
acc : 88.18%

avg_kernels: 2817.00

epoch 23
--------------------------------------------------------------------------------
## Train ##
loss_pred: 1.46
loss_sim: 0.65
acc : 99.99%

## Validation ##
loss_pred: 1.58
loss_sim: 0.65
acc : 88.24%

avg_kernels: 2779.90


*** Train head ***

epoch 24
--------------------------------------------------------------------------------
## Train ##
loss_pred: 1.46
loss_sim: 0.65
acc : 99.99%

## Validation ##
loss_pred: 1.58
loss_sim: 0.65
acc : 88.29%

avg_kernels: 2779.90

epoch 25
--------------------------------------------------------------------------------
## Train ##
loss_pred: 1.46
loss_sim: 0.65
acc : 99.99%

## Validation ##
loss_pred: 1.58
loss_sim: 0.65
acc : 88.15%

avg_kernels: 2779.90


*** Modularize ***

epoch 26
--------------------------------------------------------------------------------
## Train ##
loss_pred: 1.46
loss_sim: 0.64
acc : 99.99%

## Validation ##
loss_pred: 1.58
loss_sim: 0.63
acc : 88.15%

avg_kernels: 2706.20

epoch 27
--------------------------------------------------------------------------------
## Train ##
loss_pred: 1.46
loss_sim: 0.63
acc : 99.99%

## Validation ##
loss_pred: 1.58
loss_sim: 0.62
acc : 88.21%

avg_kernels: 2668.30

epoch 28
--------------------------------------------------------------------------------
## Train ##
loss_pred: 1.46
loss_sim: 0.62
acc : 99.99%

## Validation ##
loss_pred: 1.58
loss_sim: 0.61
acc : 88.22%

avg_kernels: 2631.50

epoch 29
--------------------------------------------------------------------------------
## Train ##
loss_pred: 1.46
loss_sim: 0.61
acc : 99.99%

## Validation ##
loss_pred: 1.58
loss_sim: 0.61
acc : 88.27%

avg_kernels: 2600.00

epoch 30
--------------------------------------------------------------------------------
## Train ##
loss_pred: 1.46
loss_sim: 0.60
acc : 99.99%

## Validation ##
loss_pred: 1.58
loss_sim: 0.60
acc : 87.73%

avg_kernels: 2569.00


*** Train head ***

epoch 31
--------------------------------------------------------------------------------
## Train ##
loss_pred: 1.46
loss_sim: 0.60
acc : 99.99%

## Validation ##
loss_pred: 1.58
loss_sim: 0.60
acc : 88.11%

avg_kernels: 2569.00

epoch 32
--------------------------------------------------------------------------------
## Train ##
loss_pred: 1.46
loss_sim: 0.60
acc : 99.99%

## Validation ##
loss_pred: 1.59
loss_sim: 0.60
acc : 88.00%

avg_kernels: 2569.00


*** Modularize ***

epoch 33
--------------------------------------------------------------------------------
## Train ##
loss_pred: 1.46
loss_sim: 0.59
acc : 99.99%

## Validation ##
loss_pred: 1.58
loss_sim: 0.59
acc : 88.36%

avg_kernels: 2521.10

epoch 34
--------------------------------------------------------------------------------
## Train ##
loss_pred: 1.46
loss_sim: 0.59
acc : 99.99%

## Validation ##
loss_pred: 1.59
loss_sim: 0.58
acc : 88.11%

avg_kernels: 2497.30

epoch 35
--------------------------------------------------------------------------------
## Train ##
loss_pred: 1.46
loss_sim: 0.58
acc : 99.99%

## Validation ##
loss_pred: 1.59
loss_sim: 0.58
acc : 87.71%

avg_kernels: 2474.90

epoch 36
--------------------------------------------------------------------------------
## Train ##
loss_pred: 1.46
loss_sim: 0.57
acc : 99.98%

## Validation ##
loss_pred: 1.58
loss_sim: 0.57
acc : 88.27%

avg_kernels: 2452.90

epoch 37
--------------------------------------------------------------------------------
## Train ##
loss_pred: 1.46
loss_sim: 0.57
acc : 99.97%

## Validation ##
loss_pred: 1.58
loss_sim: 0.57
acc : 88.27%

avg_kernels: 2431.30


*** Train head ***

epoch 38
--------------------------------------------------------------------------------
## Train ##
loss_pred: 1.46
loss_sim: 0.57
acc : 99.99%

## Validation ##
loss_pred: 1.58
loss_sim: 0.57
acc : 87.94%

avg_kernels: 2431.30

epoch 39
--------------------------------------------------------------------------------
## Train ##
loss_pred: 1.46
loss_sim: 0.57
acc : 99.99%

## Validation ##
loss_pred: 1.58
loss_sim: 0.57
acc : 87.98%

avg_kernels: 2431.30


*** Modularize ***

epoch 40
--------------------------------------------------------------------------------
## Train ##
loss_pred: 1.46
loss_sim: 0.56
acc : 99.98%

## Validation ##
loss_pred: 1.58
loss_sim: 0.56
acc : 87.99%

avg_kernels: 2389.00

epoch 41
--------------------------------------------------------------------------------
## Train ##
loss_pred: 1.46
loss_sim: 0.56
acc : 99.99%

## Validation ##
loss_pred: 1.58
loss_sim: 0.55
acc : 88.03%

avg_kernels: 2371.50

epoch 42
--------------------------------------------------------------------------------
## Train ##
loss_pred: 1.46
loss_sim: 0.55
acc : 99.99%

## Validation ##
loss_pred: 1.58
loss_sim: 0.55
acc : 88.06%

avg_kernels: 2355.60

epoch 43
--------------------------------------------------------------------------------
## Train ##
loss_pred: 1.46
loss_sim: 0.55
acc : 99.99%

## Validation ##
loss_pred: 1.58
loss_sim: 0.55
acc : 88.09%

avg_kernels: 2338.70

epoch 44
--------------------------------------------------------------------------------
## Train ##
loss_pred: 1.46
loss_sim: 0.54
acc : 99.99%

## Validation ##
loss_pred: 1.58
loss_sim: 0.54
acc : 87.77%

avg_kernels: 2324.70


*** Train head ***

epoch 45
--------------------------------------------------------------------------------
## Train ##
loss_pred: 1.46
loss_sim: 0.54
acc : 99.98%

## Validation ##
loss_pred: 1.58
loss_sim: 0.54
acc : 88.11%

avg_kernels: 2324.70

epoch 46
--------------------------------------------------------------------------------
## Train ##
loss_pred: 1.46
loss_sim: 0.54
acc : 99.99%

## Validation ##
loss_pred: 1.58
loss_sim: 0.54
acc : 88.11%

avg_kernels: 2324.70


*** Modularize ***

epoch 47
--------------------------------------------------------------------------------
## Train ##
loss_pred: 1.46
loss_sim: 0.54
acc : 99.99%

## Validation ##
loss_pred: 1.59
loss_sim: 0.53
acc : 87.95%

avg_kernels: 2293.50

epoch 48
--------------------------------------------------------------------------------
## Train ##
loss_pred: 1.46
loss_sim: 0.53
acc : 99.97%

## Validation ##
loss_pred: 1.58
loss_sim: 0.53
acc : 87.87%

avg_kernels: 2279.60

epoch 49
--------------------------------------------------------------------------------
## Train ##
loss_pred: 1.46
loss_sim: 0.53
acc : 99.98%

## Validation ##
loss_pred: 1.58
loss_sim: 0.53
acc : 88.14%

avg_kernels: 2263.70

epoch 50
--------------------------------------------------------------------------------
## Train ##
loss_pred: 1.46
loss_sim: 0.53
acc : 99.95%

## Validation ##
loss_pred: 1.58
loss_sim: 0.52
acc : 87.88%

avg_kernels: 2251.10

epoch 51
--------------------------------------------------------------------------------
## Train ##
loss_pred: 1.46
loss_sim: 0.52
acc : 99.97%

## Validation ##
loss_pred: 1.59
loss_sim: 0.52
acc : 87.75%

avg_kernels: 2235.70


*** Train head ***

epoch 52
--------------------------------------------------------------------------------
## Train ##
loss_pred: 1.46
loss_sim: 0.52
acc : 99.97%

## Validation ##
loss_pred: 1.58
loss_sim: 0.52
acc : 87.96%

avg_kernels: 2235.70

epoch 53
--------------------------------------------------------------------------------
## Train ##
loss_pred: 1.46
loss_sim: 0.52
acc : 99.97%

## Validation ##
loss_pred: 1.58
loss_sim: 0.52
acc : 88.20%

avg_kernels: 2235.70


*** Modularize ***

epoch 54
--------------------------------------------------------------------------------
## Train ##
loss_pred: 1.46
loss_sim: 0.52
acc : 99.95%

## Validation ##
loss_pred: 1.58
loss_sim: 0.52
acc : 87.86%

avg_kernels: 2211.00

epoch 55
--------------------------------------------------------------------------------
## Train ##
loss_pred: 1.46
loss_sim: 0.51
acc : 99.97%

## Validation ##
loss_pred: 1.58
loss_sim: 0.51
acc : 87.77%

avg_kernels: 2199.70

epoch 56
--------------------------------------------------------------------------------
## Train ##
loss_pred: 1.46
loss_sim: 0.51
acc : 99.97%

## Validation ##
loss_pred: 1.58
loss_sim: 0.51
acc : 88.07%

avg_kernels: 2189.60

epoch 57
--------------------------------------------------------------------------------
## Train ##
loss_pred: 1.46
loss_sim: 0.51
acc : 99.94%

## Validation ##
loss_pred: 1.58
loss_sim: 0.51
acc : 88.01%

avg_kernels: 2179.30

epoch 58
--------------------------------------------------------------------------------
## Train ##
loss_pred: 1.46
loss_sim: 0.51
acc : 99.95%

## Validation ##
loss_pred: 1.58
loss_sim: 0.51
acc : 88.06%

avg_kernels: 2170.50


*** Train head ***

epoch 59
--------------------------------------------------------------------------------
## Train ##
loss_pred: 1.46
loss_sim: 0.51
acc : 99.98%

## Validation ##
loss_pred: 1.58
loss_sim: 0.51
acc : 87.95%

avg_kernels: 2170.50

epoch 60
--------------------------------------------------------------------------------
## Train ##
loss_pred: 1.46
loss_sim: 0.51
acc : 99.98%

## Validation ##
loss_pred: 1.58
loss_sim: 0.51
acc : 88.07%

avg_kernels: 2170.50


*** Modularize ***

epoch 61
--------------------------------------------------------------------------------
## Train ##
loss_pred: 1.46
loss_sim: 0.50
acc : 99.95%

## Validation ##
loss_pred: 1.58
loss_sim: 0.50
acc : 88.02%

avg_kernels: 2152.80

epoch 62
--------------------------------------------------------------------------------
## Train ##
loss_pred: 1.46
loss_sim: 0.50
acc : 99.95%

## Validation ##
loss_pred: 1.58
loss_sim: 0.50
acc : 87.44%

avg_kernels: 2141.80

epoch 63
--------------------------------------------------------------------------------
## Train ##
loss_pred: 1.46
loss_sim: 0.50
acc : 99.96%

## Validation ##
loss_pred: 1.58
loss_sim: 0.50
acc : 87.88%

avg_kernels: 2134.50

epoch 64
--------------------------------------------------------------------------------
## Train ##
loss_pred: 1.46
loss_sim: 0.50
acc : 99.93%

## Validation ##
loss_pred: 1.59
loss_sim: 0.50
acc : 87.54%

avg_kernels: 2125.90

epoch 65
--------------------------------------------------------------------------------
## Train ##
loss_pred: 1.46
loss_sim: 0.49
acc : 99.94%

## Validation ##
loss_pred: 1.58
loss_sim: 0.49
acc : 87.95%

avg_kernels: 2119.20


*** Train head ***

epoch 66
--------------------------------------------------------------------------------
## Train ##
loss_pred: 1.46
loss_sim: 0.49
acc : 99.96%

## Validation ##
loss_pred: 1.58
loss_sim: 0.49
acc : 87.86%

avg_kernels: 2119.20

epoch 67
--------------------------------------------------------------------------------
## Train ##
loss_pred: 1.46
loss_sim: 0.49
acc : 99.97%

## Validation ##
loss_pred: 1.58
loss_sim: 0.49
acc : 87.75%

avg_kernels: 2119.20


*** Modularize ***

epoch 68
--------------------------------------------------------------------------------
## Train ##
loss_pred: 1.46
loss_sim: 0.49
acc : 99.95%

## Validation ##
loss_pred: 1.59
loss_sim: 0.49
acc : 87.60%

avg_kernels: 2101.10

epoch 69
--------------------------------------------------------------------------------
## Train ##
loss_pred: 1.46
loss_sim: 0.49
acc : 99.96%

## Validation ##
loss_pred: 1.59
loss_sim: 0.49
acc : 87.77%

avg_kernels: 2096.40

epoch 70
--------------------------------------------------------------------------------
## Train ##
loss_pred: 1.46
loss_sim: 0.49
acc : 99.94%

## Validation ##
loss_pred: 1.58
loss_sim: 0.49
acc : 87.82%

avg_kernels: 2091.50

epoch 71
--------------------------------------------------------------------------------
## Train ##
loss_pred: 1.46
loss_sim: 0.49
acc : 99.96%

## Validation ##
loss_pred: 1.58
loss_sim: 0.49
acc : 88.07%

avg_kernels: 2083.60

epoch 72
--------------------------------------------------------------------------------
## Train ##
loss_pred: 1.46
loss_sim: 0.49
acc : 99.93%

## Validation ##
loss_pred: 1.59
loss_sim: 0.49
acc : 87.57%

avg_kernels: 2079.70


*** Train head ***

epoch 73
--------------------------------------------------------------------------------
## Train ##
loss_pred: 1.46
loss_sim: 0.49
acc : 99.93%

## Validation ##
loss_pred: 1.59
loss_sim: 0.49
acc : 87.85%

avg_kernels: 2079.70

epoch 74
--------------------------------------------------------------------------------
## Train ##
loss_pred: 1.46
loss_sim: 0.49
acc : 99.97%

## Validation ##
loss_pred: 1.59
loss_sim: 0.49
acc : 87.77%

avg_kernels: 2079.70

====================================================================================================

best_epoch: 33
best_acc: 88.36%
best_avg_kernel: 2521.10
[(16, tensor(0.8836, device='cuda:0')), (33, tensor(0.8836, device='cuda:0')), (24, tensor(0.8829, device='cuda:0')), (29, tensor(0.8827, device='cuda:0')), (36, tensor(0.8827, device='cuda:0')), (37, tensor(0.8827, device='cuda:0')), (17, tensor(0.8825, device='cuda:0')), (23, tensor(0.8824, device='cuda:0')), (15, tensor(0.8822, device='cuda:0')), (19, tensor(0.8822, device='cuda:0')), (28, tensor(0.8822, device='cuda:0')), (27, tensor(0.8821, device='cuda:0')), (5, tensor(0.8820, device='cuda:0')), (53, tensor(0.8820, device='cuda:0')), (20, tensor(0.8818, device='cuda:0')), (22, tensor(0.8818, device='cuda:0')), (0, tensor(0.8816, device='cuda:0')), (26, tensor(0.8815, device='cuda:0')), (25, tensor(0.8815, device='cuda:0')), (49, tensor(0.8814, device='cuda:0')), (7, tensor(0.8812, device='cuda:0')), (13, tensor(0.8812, device='cuda:0')), (31, tensor(0.8811, device='cuda:0')), (34, tensor(0.8811, device='cuda:0')), (45, tensor(0.8811, device='cuda:0')), (46, tensor(0.8811, device='cuda:0')), (1, tensor(0.8809, device='cuda:0')), (43, tensor(0.8809, device='cuda:0')), (3, tensor(0.8807, device='cuda:0')), (56, tensor(0.8807, device='cuda:0')), (60, tensor(0.8807, device='cuda:0')), (71, tensor(0.8807, device='cuda:0')), (42, tensor(0.8806, device='cuda:0')), (58, tensor(0.8806, device='cuda:0')), (21, tensor(0.8805, device='cuda:0')), (41, tensor(0.8803, device='cuda:0')), (61, tensor(0.8802, device='cuda:0')), (57, tensor(0.8801, device='cuda:0')), (8, tensor(0.8801, device='cuda:0')), (18, tensor(0.8800, device='cuda:0')), (32, tensor(0.8800, device='cuda:0')), (40, tensor(0.8799, device='cuda:0')), (6, tensor(0.8798, device='cuda:0')), (39, tensor(0.8798, device='cuda:0')), (52, tensor(0.8796, device='cuda:0')), (59, tensor(0.8795, device='cuda:0')), (65, tensor(0.8795, device='cuda:0')), (47, tensor(0.8795, device='cuda:0')), (38, tensor(0.8794, device='cuda:0')), (14, tensor(0.8793, device='cuda:0')), (9, tensor(0.8790, device='cuda:0')), (50, tensor(0.8788, device='cuda:0')), (63, tensor(0.8788, device='cuda:0')), (11, tensor(0.8787, device='cuda:0')), (48, tensor(0.8787, device='cuda:0')), (54, tensor(0.8786, device='cuda:0')), (66, tensor(0.8786, device='cuda:0')), (73, tensor(0.8785, device='cuda:0')), (2, tensor(0.8784, device='cuda:0')), (10, tensor(0.8784, device='cuda:0')), (70, tensor(0.8782, device='cuda:0')), (4, tensor(0.8779, device='cuda:0')), (69, tensor(0.8777, device='cuda:0')), (44, tensor(0.8777, device='cuda:0')), (55, tensor(0.8777, device='cuda:0')), (74, tensor(0.8777, device='cuda:0')), (51, tensor(0.8775, device='cuda:0')), (67, tensor(0.8775, device='cuda:0')), (30, tensor(0.8773, device='cuda:0')), (35, tensor(0.8771, device='cuda:0')), (12, tensor(0.8765, device='cuda:0')), (68, tensor(0.8760, device='cuda:0')), (72, tensor(0.8757, device='cuda:0')), (64, tensor(0.8754, device='cuda:0')), (62, tensor(0.8744, device='cuda:0'))]
