Namespace(model='rescnn', dataset='cifar10', estimator_idx=9, init_type='ones', lr_head=0.01, lr_modularity=0.001, epoch_strategy='5,70', batch_size=64, alpha=0.1)
Files already downloaded and verified
Sequential(
  (0): Linear(in_features=10, out_features=10, bias=True)
  (1): ReLU()
  (2): Linear(in_features=10, out_features=1, bias=True)
)
epoch 0
--------------------------------------------------------------------------------
## Train ##
loss_pred: 1.54
loss_sim: 1.00
acc : 89.88%

## Validation ##
loss_pred: 1.60
loss_sim: 1.00
acc : 84.60%

avg_kernels: 4288.00

epoch 1
--------------------------------------------------------------------------------
## Train ##
loss_pred: 1.47
loss_sim: 1.00
acc : 99.74%

## Validation ##
loss_pred: 1.61
loss_sim: 1.00
acc : 84.48%

avg_kernels: 4288.00

epoch 2
--------------------------------------------------------------------------------
## Train ##
loss_pred: 1.47
loss_sim: 1.00
acc : 99.66%

## Validation ##
loss_pred: 1.60
loss_sim: 1.00
acc : 84.30%

avg_kernels: 4288.00

epoch 3
--------------------------------------------------------------------------------
## Train ##
loss_pred: 1.47
loss_sim: 1.00
acc : 99.69%

## Validation ##
loss_pred: 1.60
loss_sim: 1.00
acc : 84.45%

avg_kernels: 4288.00

epoch 4
--------------------------------------------------------------------------------
## Train ##
loss_pred: 1.47
loss_sim: 1.00
acc : 99.73%

## Validation ##
loss_pred: 1.61
loss_sim: 1.00
acc : 84.49%

avg_kernels: 4288.00


*** Modularize ***

epoch 5
--------------------------------------------------------------------------------
## Train ##
loss_pred: 1.46
loss_sim: 1.00
acc : 99.67%

## Validation ##
loss_pred: 1.60
loss_sim: 1.00
acc : 84.71%

avg_kernels: 4288.00

epoch 6
--------------------------------------------------------------------------------
## Train ##
loss_pred: 1.46
loss_sim: 1.00
acc : 99.71%

## Validation ##
loss_pred: 1.60
loss_sim: 1.00
acc : 84.52%

avg_kernels: 4288.00

epoch 7
--------------------------------------------------------------------------------
## Train ##
loss_pred: 1.46
loss_sim: 1.00
acc : 99.71%

## Validation ##
loss_pred: 1.60
loss_sim: 1.00
acc : 84.75%

avg_kernels: 4288.00

epoch 8
--------------------------------------------------------------------------------
## Train ##
loss_pred: 1.46
loss_sim: 1.00
acc : 99.73%

## Validation ##
loss_pred: 1.60
loss_sim: 1.00
acc : 84.59%

avg_kernels: 4288.00

epoch 9
--------------------------------------------------------------------------------
## Train ##
loss_pred: 1.46
loss_sim: 0.99
acc : 99.74%

## Validation ##
loss_pred: 1.60
loss_sim: 0.96
acc : 84.42%

avg_kernels: 4103.90


*** Train head ***

epoch 10
--------------------------------------------------------------------------------
## Train ##
loss_pred: 1.46
loss_sim: 0.96
acc : 99.73%

## Validation ##
loss_pred: 1.61
loss_sim: 0.96
acc : 84.49%

avg_kernels: 4103.90

epoch 11
--------------------------------------------------------------------------------
## Train ##
loss_pred: 1.46
loss_sim: 0.96
acc : 99.71%

## Validation ##
loss_pred: 1.60
loss_sim: 0.96
acc : 84.54%

avg_kernels: 4103.90


*** Modularize ***

epoch 12
--------------------------------------------------------------------------------
## Train ##
loss_pred: 1.46
loss_sim: 0.94
acc : 99.72%

## Validation ##
loss_pred: 1.60
loss_sim: 0.93
acc : 84.51%

avg_kernels: 4005.20

epoch 13
--------------------------------------------------------------------------------
## Train ##
loss_pred: 1.46
loss_sim: 0.93
acc : 99.72%

## Validation ##
loss_pred: 1.60
loss_sim: 0.92
acc : 84.78%

avg_kernels: 3942.20

epoch 14
--------------------------------------------------------------------------------
## Train ##
loss_pred: 1.46
loss_sim: 0.91
acc : 99.74%

## Validation ##
loss_pred: 1.60
loss_sim: 0.91
acc : 84.56%

avg_kernels: 3884.70

epoch 15
--------------------------------------------------------------------------------
## Train ##
loss_pred: 1.46
loss_sim: 0.90
acc : 99.74%

## Validation ##
loss_pred: 1.60
loss_sim: 0.90
acc : 84.59%

avg_kernels: 3838.00

epoch 16
--------------------------------------------------------------------------------
## Train ##
loss_pred: 1.46
loss_sim: 0.89
acc : 99.76%

## Validation ##
loss_pred: 1.60
loss_sim: 0.89
acc : 84.51%

avg_kernels: 3797.30


*** Train head ***

epoch 17
--------------------------------------------------------------------------------
## Train ##
loss_pred: 1.46
loss_sim: 0.89
acc : 99.74%

## Validation ##
loss_pred: 1.60
loss_sim: 0.89
acc : 84.53%

avg_kernels: 3797.30

epoch 18
--------------------------------------------------------------------------------
## Train ##
loss_pred: 1.46
loss_sim: 0.89
acc : 99.75%

## Validation ##
loss_pred: 1.60
loss_sim: 0.89
acc : 84.59%

avg_kernels: 3797.30


*** Modularize ***

epoch 19
--------------------------------------------------------------------------------
## Train ##
loss_pred: 1.46
loss_sim: 0.88
acc : 99.75%

## Validation ##
loss_pred: 1.60
loss_sim: 0.87
acc : 84.62%

avg_kernels: 3732.10

epoch 20
--------------------------------------------------------------------------------
## Train ##
loss_pred: 1.46
loss_sim: 0.87
acc : 99.74%

## Validation ##
loss_pred: 1.60
loss_sim: 0.86
acc : 84.59%

avg_kernels: 3694.70

epoch 21
--------------------------------------------------------------------------------
## Train ##
loss_pred: 1.46
loss_sim: 0.86
acc : 99.76%

## Validation ##
loss_pred: 1.60
loss_sim: 0.85
acc : 84.36%

avg_kernels: 3655.10

epoch 22
--------------------------------------------------------------------------------
## Train ##
loss_pred: 1.46
loss_sim: 0.85
acc : 99.76%

## Validation ##
loss_pred: 1.60
loss_sim: 0.85
acc : 84.51%

avg_kernels: 3623.80

epoch 23
--------------------------------------------------------------------------------
## Train ##
loss_pred: 1.46
loss_sim: 0.84
acc : 99.77%

## Validation ##
loss_pred: 1.61
loss_sim: 0.84
acc : 84.42%

avg_kernels: 3590.00


*** Train head ***

epoch 24
--------------------------------------------------------------------------------
## Train ##
loss_pred: 1.46
loss_sim: 0.84
acc : 99.76%

## Validation ##
loss_pred: 1.60
loss_sim: 0.84
acc : 84.45%

avg_kernels: 3590.00

epoch 25
--------------------------------------------------------------------------------
## Train ##
loss_pred: 1.46
loss_sim: 0.84
acc : 99.76%

## Validation ##
loss_pred: 1.60
loss_sim: 0.84
acc : 84.45%

avg_kernels: 3590.00


*** Modularize ***

epoch 26
--------------------------------------------------------------------------------
## Train ##
loss_pred: 1.46
loss_sim: 0.83
acc : 99.76%

## Validation ##
loss_pred: 1.60
loss_sim: 0.82
acc : 84.35%

avg_kernels: 3534.10

epoch 27
--------------------------------------------------------------------------------
## Train ##
loss_pred: 1.46
loss_sim: 0.82
acc : 99.74%

## Validation ##
loss_pred: 1.61
loss_sim: 0.82
acc : 84.46%

avg_kernels: 3501.00

epoch 28
--------------------------------------------------------------------------------
## Train ##
loss_pred: 1.46
loss_sim: 0.81
acc : 99.75%

## Validation ##
loss_pred: 1.61
loss_sim: 0.81
acc : 84.33%

avg_kernels: 3471.50

epoch 29
--------------------------------------------------------------------------------
## Train ##
loss_pred: 1.46
loss_sim: 0.81
acc : 99.75%

## Validation ##
loss_pred: 1.60
loss_sim: 0.80
acc : 84.39%

avg_kernels: 3439.40

epoch 30
--------------------------------------------------------------------------------
## Train ##
loss_pred: 1.46
loss_sim: 0.80
acc : 99.74%

## Validation ##
loss_pred: 1.60
loss_sim: 0.79
acc : 84.29%

avg_kernels: 3406.70


*** Train head ***

epoch 31
--------------------------------------------------------------------------------
## Train ##
loss_pred: 1.46
loss_sim: 0.79
acc : 99.76%

## Validation ##
loss_pred: 1.61
loss_sim: 0.79
acc : 84.25%

avg_kernels: 3406.70

epoch 32
--------------------------------------------------------------------------------
## Train ##
loss_pred: 1.46
loss_sim: 0.79
acc : 99.76%

## Validation ##
loss_pred: 1.61
loss_sim: 0.79
acc : 84.29%

avg_kernels: 3406.70


*** Modularize ***

epoch 33
--------------------------------------------------------------------------------
## Train ##
loss_pred: 1.46
loss_sim: 0.79
acc : 99.77%

## Validation ##
loss_pred: 1.61
loss_sim: 0.78
acc : 84.19%

avg_kernels: 3358.40

epoch 34
--------------------------------------------------------------------------------
## Train ##
loss_pred: 1.46
loss_sim: 0.78
acc : 99.77%

## Validation ##
loss_pred: 1.60
loss_sim: 0.78
acc : 84.25%

avg_kernels: 3326.60

epoch 35
--------------------------------------------------------------------------------
## Train ##
loss_pred: 1.46
loss_sim: 0.77
acc : 99.78%

## Validation ##
loss_pred: 1.60
loss_sim: 0.77
acc : 84.25%

avg_kernels: 3299.90

epoch 36
--------------------------------------------------------------------------------
## Train ##
loss_pred: 1.46
loss_sim: 0.77
acc : 99.77%

## Validation ##
loss_pred: 1.61
loss_sim: 0.76
acc : 84.39%

avg_kernels: 3272.90

epoch 37
--------------------------------------------------------------------------------
## Train ##
loss_pred: 1.46
loss_sim: 0.76
acc : 99.76%

## Validation ##
loss_pred: 1.61
loss_sim: 0.76
acc : 84.16%

avg_kernels: 3250.00


*** Train head ***

epoch 38
--------------------------------------------------------------------------------
## Train ##
loss_pred: 1.46
loss_sim: 0.76
acc : 99.77%

## Validation ##
loss_pred: 1.61
loss_sim: 0.76
acc : 84.39%

avg_kernels: 3250.00

epoch 39
--------------------------------------------------------------------------------
## Train ##
loss_pred: 1.46
loss_sim: 0.76
acc : 99.78%

## Validation ##
loss_pred: 1.61
loss_sim: 0.76
acc : 84.21%

avg_kernels: 3250.00


*** Modularize ***

epoch 40
--------------------------------------------------------------------------------
## Train ##
loss_pred: 1.46
loss_sim: 0.75
acc : 99.78%

## Validation ##
loss_pred: 1.61
loss_sim: 0.75
acc : 84.11%

avg_kernels: 3208.60

epoch 41
--------------------------------------------------------------------------------
## Train ##
loss_pred: 1.46
loss_sim: 0.74
acc : 99.79%

## Validation ##
loss_pred: 1.61
loss_sim: 0.74
acc : 84.23%

avg_kernels: 3178.80

epoch 42
--------------------------------------------------------------------------------
## Train ##
loss_pred: 1.46
loss_sim: 0.74
acc : 99.79%

## Validation ##
loss_pred: 1.61
loss_sim: 0.74
acc : 84.22%

avg_kernels: 3153.60

epoch 43
--------------------------------------------------------------------------------
## Train ##
loss_pred: 1.46
loss_sim: 0.73
acc : 99.78%

## Validation ##
loss_pred: 1.61
loss_sim: 0.73
acc : 84.50%

avg_kernels: 3124.80

epoch 44
--------------------------------------------------------------------------------
## Train ##
loss_pred: 1.46
loss_sim: 0.73
acc : 99.78%

## Validation ##
loss_pred: 1.61
loss_sim: 0.72
acc : 84.34%

avg_kernels: 3101.50


*** Train head ***

epoch 45
--------------------------------------------------------------------------------
## Train ##
loss_pred: 1.46
loss_sim: 0.72
acc : 99.77%

## Validation ##
loss_pred: 1.61
loss_sim: 0.72
acc : 84.52%

avg_kernels: 3101.50

epoch 46
--------------------------------------------------------------------------------
## Train ##
loss_pred: 1.46
loss_sim: 0.72
acc : 99.77%

## Validation ##
loss_pred: 1.61
loss_sim: 0.72
acc : 84.42%

avg_kernels: 3101.50


*** Modularize ***

epoch 47
--------------------------------------------------------------------------------
## Train ##
loss_pred: 1.46
loss_sim: 0.72
acc : 99.76%

## Validation ##
loss_pred: 1.61
loss_sim: 0.72
acc : 84.71%

avg_kernels: 3070.00

epoch 48
--------------------------------------------------------------------------------
## Train ##
loss_pred: 1.46
loss_sim: 0.71
acc : 99.79%

## Validation ##
loss_pred: 1.61
loss_sim: 0.71
acc : 84.42%

avg_kernels: 3051.30

epoch 49
--------------------------------------------------------------------------------
## Train ##
loss_pred: 1.46
loss_sim: 0.71
acc : 99.78%

## Validation ##
loss_pred: 1.61
loss_sim: 0.71
acc : 84.75%

avg_kernels: 3027.70

epoch 50
--------------------------------------------------------------------------------
## Train ##
loss_pred: 1.46
loss_sim: 0.70
acc : 99.76%

## Validation ##
loss_pred: 1.61
loss_sim: 0.70
acc : 84.75%

avg_kernels: 3008.60

epoch 51
--------------------------------------------------------------------------------
## Train ##
loss_pred: 1.46
loss_sim: 0.70
acc : 99.73%

## Validation ##
loss_pred: 1.61
loss_sim: 0.70
acc : 84.62%

avg_kernels: 2990.30


*** Train head ***

epoch 52
--------------------------------------------------------------------------------
## Train ##
loss_pred: 1.46
loss_sim: 0.70
acc : 99.80%

## Validation ##
loss_pred: 1.61
loss_sim: 0.70
acc : 84.48%

avg_kernels: 2990.30

epoch 53
--------------------------------------------------------------------------------
## Train ##
loss_pred: 1.46
loss_sim: 0.70
acc : 99.79%

## Validation ##
loss_pred: 1.61
loss_sim: 0.70
acc : 84.76%

avg_kernels: 2990.30


*** Modularize ***

epoch 54
--------------------------------------------------------------------------------
## Train ##
loss_pred: 1.46
loss_sim: 0.69
acc : 99.79%

## Validation ##
loss_pred: 1.61
loss_sim: 0.69
acc : 84.23%

avg_kernels: 2952.80

epoch 55
--------------------------------------------------------------------------------
## Train ##
loss_pred: 1.46
loss_sim: 0.69
acc : 99.76%

## Validation ##
loss_pred: 1.61
loss_sim: 0.68
acc : 84.55%

avg_kernels: 2935.40

epoch 56
--------------------------------------------------------------------------------
## Train ##
loss_pred: 1.46
loss_sim: 0.68
acc : 99.81%

## Validation ##
loss_pred: 1.61
loss_sim: 0.68
acc : 84.56%

avg_kernels: 2919.60

epoch 57
--------------------------------------------------------------------------------
## Train ##
loss_pred: 1.46
loss_sim: 0.68
acc : 99.77%

## Validation ##
loss_pred: 1.61
loss_sim: 0.68
acc : 84.18%

avg_kernels: 2902.20

epoch 58
--------------------------------------------------------------------------------
## Train ##
loss_pred: 1.46
loss_sim: 0.68
acc : 99.81%

## Validation ##
loss_pred: 1.61
loss_sim: 0.67
acc : 84.46%

avg_kernels: 2888.40


*** Train head ***

epoch 59
--------------------------------------------------------------------------------
## Train ##
loss_pred: 1.46
loss_sim: 0.67
acc : 99.83%

## Validation ##
loss_pred: 1.61
loss_sim: 0.67
acc : 84.45%

avg_kernels: 2888.40

epoch 60
--------------------------------------------------------------------------------
## Train ##
loss_pred: 1.46
loss_sim: 0.67
acc : 99.82%

## Validation ##
loss_pred: 1.61
loss_sim: 0.67
acc : 84.49%

avg_kernels: 2888.40


*** Modularize ***

epoch 61
--------------------------------------------------------------------------------
## Train ##
loss_pred: 1.46
loss_sim: 0.67
acc : 99.80%

## Validation ##
loss_pred: 1.61
loss_sim: 0.67
acc : 84.45%

avg_kernels: 2863.80

epoch 62
--------------------------------------------------------------------------------
## Train ##
loss_pred: 1.46
loss_sim: 0.67
acc : 99.81%

## Validation ##
loss_pred: 1.61
loss_sim: 0.66
acc : 84.27%

avg_kernels: 2848.20

epoch 63
--------------------------------------------------------------------------------
## Train ##
loss_pred: 1.46
loss_sim: 0.66
acc : 99.76%

## Validation ##
loss_pred: 1.61
loss_sim: 0.66
acc : 84.39%

avg_kernels: 2832.60

epoch 64
--------------------------------------------------------------------------------
## Train ##
loss_pred: 1.46
loss_sim: 0.66
acc : 99.79%

## Validation ##
loss_pred: 1.61
loss_sim: 0.66
acc : 84.68%

avg_kernels: 2817.60

epoch 65
--------------------------------------------------------------------------------
## Train ##
loss_pred: 1.46
loss_sim: 0.66
acc : 99.77%

## Validation ##
loss_pred: 1.61
loss_sim: 0.65
acc : 84.26%

avg_kernels: 2803.10


*** Train head ***

epoch 66
--------------------------------------------------------------------------------
## Train ##
loss_pred: 1.46
loss_sim: 0.65
acc : 99.78%

## Validation ##
loss_pred: 1.61
loss_sim: 0.65
acc : 84.29%

avg_kernels: 2803.10

epoch 67
--------------------------------------------------------------------------------
## Train ##
loss_pred: 1.46
loss_sim: 0.65
acc : 99.79%

## Validation ##
loss_pred: 1.61
loss_sim: 0.65
acc : 84.20%

avg_kernels: 2803.10


*** Modularize ***

epoch 68
--------------------------------------------------------------------------------
## Train ##
loss_pred: 1.46
loss_sim: 0.65
acc : 99.77%

## Validation ##
loss_pred: 1.61
loss_sim: 0.65
acc : 84.37%

avg_kernels: 2776.10

epoch 69
--------------------------------------------------------------------------------
## Train ##
loss_pred: 1.46
loss_sim: 0.65
acc : 99.75%

## Validation ##
loss_pred: 1.61
loss_sim: 0.65
acc : 84.21%

avg_kernels: 2765.90

epoch 70
--------------------------------------------------------------------------------
## Train ##
loss_pred: 1.46
loss_sim: 0.64
acc : 99.76%

## Validation ##
loss_pred: 1.60
loss_sim: 0.64
acc : 84.13%

avg_kernels: 2752.20

epoch 71
--------------------------------------------------------------------------------
## Train ##
loss_pred: 1.46
loss_sim: 0.64
acc : 99.76%

## Validation ##
loss_pred: 1.61
loss_sim: 0.64
acc : 84.48%

avg_kernels: 2739.40

epoch 72
--------------------------------------------------------------------------------
## Train ##
loss_pred: 1.46
loss_sim: 0.64
acc : 99.76%

## Validation ##
loss_pred: 1.61
loss_sim: 0.64
acc : 84.59%

avg_kernels: 2726.20


*** Train head ***

epoch 73
--------------------------------------------------------------------------------
## Train ##
loss_pred: 1.46
loss_sim: 0.64
acc : 99.79%

## Validation ##
loss_pred: 1.61
loss_sim: 0.64
acc : 84.48%

avg_kernels: 2726.20

epoch 74
--------------------------------------------------------------------------------
## Train ##
loss_pred: 1.46
loss_sim: 0.64
acc : 99.78%

## Validation ##
loss_pred: 1.61
loss_sim: 0.64
acc : 84.48%

avg_kernels: 2726.20

====================================================================================================

best_epoch: 13
best_acc: 84.78%
best_avg_kernel: 3942.20
[(13, tensor(0.8478, device='cuda:0')), (53, tensor(0.8476, device='cuda:0')), (49, tensor(0.8475, device='cuda:0')), (7, tensor(0.8475, device='cuda:0')), (50, tensor(0.8475, device='cuda:0')), (5, tensor(0.8471, device='cuda:0')), (47, tensor(0.8471, device='cuda:0')), (64, tensor(0.8468, device='cuda:0')), (19, tensor(0.8462, device='cuda:0')), (51, tensor(0.8462, device='cuda:0')), (0, tensor(0.8460, device='cuda:0')), (15, tensor(0.8459, device='cuda:0')), (20, tensor(0.8459, device='cuda:0')), (18, tensor(0.8459, device='cuda:0')), (72, tensor(0.8459, device='cuda:0')), (8, tensor(0.8459, device='cuda:0')), (56, tensor(0.8456, device='cuda:0')), (14, tensor(0.8456, device='cuda:0')), (55, tensor(0.8455, device='cuda:0')), (11, tensor(0.8454, device='cuda:0')), (17, tensor(0.8453, device='cuda:0')), (45, tensor(0.8452, device='cuda:0')), (6, tensor(0.8452, device='cuda:0')), (12, tensor(0.8451, device='cuda:0')), (22, tensor(0.8451, device='cuda:0')), (16, tensor(0.8451, device='cuda:0')), (43, tensor(0.8450, device='cuda:0')), (60, tensor(0.8449, device='cuda:0')), (10, tensor(0.8449, device='cuda:0')), (4, tensor(0.8449, device='cuda:0')), (1, tensor(0.8448, device='cuda:0')), (52, tensor(0.8448, device='cuda:0')), (71, tensor(0.8448, device='cuda:0')), (73, tensor(0.8448, device='cuda:0')), (74, tensor(0.8448, device='cuda:0')), (58, tensor(0.8446, device='cuda:0')), (27, tensor(0.8446, device='cuda:0')), (59, tensor(0.8445, device='cuda:0')), (61, tensor(0.8445, device='cuda:0')), (24, tensor(0.8445, device='cuda:0')), (3, tensor(0.8445, device='cuda:0')), (25, tensor(0.8445, device='cuda:0')), (9, tensor(0.8442, device='cuda:0')), (23, tensor(0.8442, device='cuda:0')), (48, tensor(0.8442, device='cuda:0')), (46, tensor(0.8442, device='cuda:0')), (29, tensor(0.8439, device='cuda:0')), (36, tensor(0.8439, device='cuda:0')), (38, tensor(0.8439, device='cuda:0')), (63, tensor(0.8439, device='cuda:0')), (68, tensor(0.8437, device='cuda:0')), (21, tensor(0.8436, device='cuda:0')), (26, tensor(0.8435, device='cuda:0')), (44, tensor(0.8434, device='cuda:0')), (28, tensor(0.8433, device='cuda:0')), (2, tensor(0.8430, device='cuda:0')), (30, tensor(0.8429, device='cuda:0')), (32, tensor(0.8429, device='cuda:0')), (66, tensor(0.8429, device='cuda:0')), (62, tensor(0.8427, device='cuda:0')), (65, tensor(0.8426, device='cuda:0')), (35, tensor(0.8425, device='cuda:0')), (31, tensor(0.8425, device='cuda:0')), (34, tensor(0.8425, device='cuda:0')), (54, tensor(0.8423, device='cuda:0')), (41, tensor(0.8423, device='cuda:0')), (42, tensor(0.8422, device='cuda:0')), (39, tensor(0.8421, device='cuda:0')), (69, tensor(0.8421, device='cuda:0')), (67, tensor(0.8420, device='cuda:0')), (33, tensor(0.8419, device='cuda:0')), (57, tensor(0.8418, device='cuda:0')), (37, tensor(0.8416, device='cuda:0')), (70, tensor(0.8413, device='cuda:0')), (40, tensor(0.8411, device='cuda:0'))]
