Namespace(model='rescnn', dataset='cifar10', estimator_idx=10, init_type='ones', lr_head=0.01, lr_modularity=0.001, epoch_strategy='5,70', batch_size=64, alpha=0.1)
Files already downloaded and verified
Sequential(
  (0): Linear(in_features=10, out_features=10, bias=True)
  (1): ReLU()
  (2): Linear(in_features=10, out_features=1, bias=True)
)
epoch 0
--------------------------------------------------------------------------------
## Train ##
loss_pred: 1.53
loss_sim: 1.00
acc : 94.64%

## Validation ##
loss_pred: 1.57
loss_sim: 1.00
acc : 88.97%

avg_kernels: 4288.00

epoch 1
--------------------------------------------------------------------------------
## Train ##
loss_pred: 1.48
loss_sim: 1.00
acc : 98.53%

## Validation ##
loss_pred: 1.57
loss_sim: 1.00
acc : 89.32%

avg_kernels: 4288.00

epoch 2
--------------------------------------------------------------------------------
## Train ##
loss_pred: 1.47
loss_sim: 1.00
acc : 99.29%

## Validation ##
loss_pred: 1.57
loss_sim: 1.00
acc : 89.20%

avg_kernels: 4288.00

epoch 3
--------------------------------------------------------------------------------
## Train ##
loss_pred: 1.46
loss_sim: 1.00
acc : 100.00%

## Validation ##
loss_pred: 1.56
loss_sim: 1.00
acc : 89.53%

avg_kernels: 4288.00

epoch 4
--------------------------------------------------------------------------------
## Train ##
loss_pred: 1.46
loss_sim: 1.00
acc : 100.00%

## Validation ##
loss_pred: 1.57
loss_sim: 1.00
acc : 89.21%

avg_kernels: 4288.00


*** Modularize ***

epoch 5
--------------------------------------------------------------------------------
## Train ##
loss_pred: 1.46
loss_sim: 1.00
acc : 100.00%

## Validation ##
loss_pred: 1.57
loss_sim: 1.00
acc : 89.27%

avg_kernels: 4288.00

epoch 6
--------------------------------------------------------------------------------
## Train ##
loss_pred: 1.46
loss_sim: 1.00
acc : 100.00%

## Validation ##
loss_pred: 1.56
loss_sim: 1.00
acc : 89.56%

avg_kernels: 4288.00

epoch 7
--------------------------------------------------------------------------------
## Train ##
loss_pred: 1.46
loss_sim: 1.00
acc : 100.00%

## Validation ##
loss_pred: 1.57
loss_sim: 1.00
acc : 89.32%

avg_kernels: 4288.00

epoch 8
--------------------------------------------------------------------------------
## Train ##
loss_pred: 1.46
loss_sim: 1.00
acc : 100.00%

## Validation ##
loss_pred: 1.57
loss_sim: 1.00
acc : 89.11%

avg_kernels: 4288.00

epoch 9
--------------------------------------------------------------------------------
## Train ##
loss_pred: 1.46
loss_sim: 0.98
acc : 100.00%

## Validation ##
loss_pred: 1.57
loss_sim: 0.86
acc : 89.35%

avg_kernels: 3675.00


*** Train head ***

epoch 10
--------------------------------------------------------------------------------
## Train ##
loss_pred: 1.46
loss_sim: 0.86
acc : 100.00%

## Validation ##
loss_pred: 1.57
loss_sim: 0.86
acc : 89.00%

avg_kernels: 3675.00

epoch 11
--------------------------------------------------------------------------------
## Train ##
loss_pred: 1.46
loss_sim: 0.86
acc : 100.00%

## Validation ##
loss_pred: 1.57
loss_sim: 0.86
acc : 88.61%

avg_kernels: 3675.00


*** Modularize ***

epoch 12
--------------------------------------------------------------------------------
## Train ##
loss_pred: 1.46
loss_sim: 0.80
acc : 100.00%

## Validation ##
loss_pred: 1.57
loss_sim: 0.78
acc : 89.30%

avg_kernels: 3328.50

epoch 13
--------------------------------------------------------------------------------
## Train ##
loss_pred: 1.46
loss_sim: 0.76
acc : 100.00%

## Validation ##
loss_pred: 1.57
loss_sim: 0.75
acc : 89.09%

avg_kernels: 3207.10

epoch 14
--------------------------------------------------------------------------------
## Train ##
loss_pred: 1.46
loss_sim: 0.74
acc : 100.00%

## Validation ##
loss_pred: 1.57
loss_sim: 0.73
acc : 89.27%

avg_kernels: 3116.80

epoch 15
--------------------------------------------------------------------------------
## Train ##
loss_pred: 1.46
loss_sim: 0.72
acc : 100.00%

## Validation ##
loss_pred: 1.57
loss_sim: 0.71
acc : 89.09%

avg_kernels: 3040.80

epoch 16
--------------------------------------------------------------------------------
## Train ##
loss_pred: 1.46
loss_sim: 0.70
acc : 99.99%

## Validation ##
loss_pred: 1.56
loss_sim: 0.70
acc : 89.42%

avg_kernels: 2981.00


*** Train head ***

epoch 17
--------------------------------------------------------------------------------
## Train ##
loss_pred: 1.46
loss_sim: 0.70
acc : 100.00%

## Validation ##
loss_pred: 1.57
loss_sim: 0.70
acc : 89.00%

avg_kernels: 2981.00

epoch 18
--------------------------------------------------------------------------------
## Train ##
loss_pred: 1.46
loss_sim: 0.70
acc : 100.00%

## Validation ##
loss_pred: 1.57
loss_sim: 0.70
acc : 89.18%

avg_kernels: 2981.00


*** Modularize ***

epoch 19
--------------------------------------------------------------------------------
## Train ##
loss_pred: 1.46
loss_sim: 0.68
acc : 99.99%

## Validation ##
loss_pred: 1.57
loss_sim: 0.68
acc : 89.12%

avg_kernels: 2898.70

epoch 20
--------------------------------------------------------------------------------
## Train ##
loss_pred: 1.46
loss_sim: 0.67
acc : 100.00%

## Validation ##
loss_pred: 1.57
loss_sim: 0.66
acc : 89.48%

avg_kernels: 2845.50

epoch 21
--------------------------------------------------------------------------------
## Train ##
loss_pred: 1.46
loss_sim: 0.66
acc : 100.00%

## Validation ##
loss_pred: 1.57
loss_sim: 0.65
acc : 88.85%

avg_kernels: 2800.90

epoch 22
--------------------------------------------------------------------------------
## Train ##
loss_pred: 1.46
loss_sim: 0.65
acc : 99.99%

## Validation ##
loss_pred: 1.57
loss_sim: 0.64
acc : 89.18%

avg_kernels: 2764.50

epoch 23
--------------------------------------------------------------------------------
## Train ##
loss_pred: 1.46
loss_sim: 0.64
acc : 99.99%

## Validation ##
loss_pred: 1.57
loss_sim: 0.63
acc : 89.06%

avg_kernels: 2722.60


*** Train head ***

epoch 24
--------------------------------------------------------------------------------
## Train ##
loss_pred: 1.46
loss_sim: 0.63
acc : 100.00%

## Validation ##
loss_pred: 1.57
loss_sim: 0.63
acc : 88.97%

avg_kernels: 2722.60

epoch 25
--------------------------------------------------------------------------------
## Train ##
loss_pred: 1.46
loss_sim: 0.63
acc : 99.99%

## Validation ##
loss_pred: 1.57
loss_sim: 0.63
acc : 89.12%

avg_kernels: 2722.60


*** Modularize ***

epoch 26
--------------------------------------------------------------------------------
## Train ##
loss_pred: 1.46
loss_sim: 0.63
acc : 99.99%

## Validation ##
loss_pred: 1.57
loss_sim: 0.62
acc : 89.00%

avg_kernels: 2666.20

epoch 27
--------------------------------------------------------------------------------
## Train ##
loss_pred: 1.46
loss_sim: 0.62
acc : 99.99%

## Validation ##
loss_pred: 1.57
loss_sim: 0.62
acc : 89.21%

avg_kernels: 2638.00

epoch 28
--------------------------------------------------------------------------------
## Train ##
loss_pred: 1.46
loss_sim: 0.61
acc : 99.99%

## Validation ##
loss_pred: 1.57
loss_sim: 0.61
acc : 88.88%

avg_kernels: 2605.30

epoch 29
--------------------------------------------------------------------------------
## Train ##
loss_pred: 1.46
loss_sim: 0.60
acc : 100.00%

## Validation ##
loss_pred: 1.57
loss_sim: 0.60
acc : 88.61%

avg_kernels: 2578.70

epoch 30
--------------------------------------------------------------------------------
## Train ##
loss_pred: 1.46
loss_sim: 0.60
acc : 99.99%

## Validation ##
loss_pred: 1.57
loss_sim: 0.60
acc : 88.34%

avg_kernels: 2556.10


*** Train head ***

epoch 31
--------------------------------------------------------------------------------
## Train ##
loss_pred: 1.46
loss_sim: 0.60
acc : 99.99%

## Validation ##
loss_pred: 1.57
loss_sim: 0.60
acc : 89.06%

avg_kernels: 2556.10

epoch 32
--------------------------------------------------------------------------------
## Train ##
loss_pred: 1.46
loss_sim: 0.60
acc : 99.99%

## Validation ##
loss_pred: 1.57
loss_sim: 0.60
acc : 89.06%

avg_kernels: 2556.10


*** Modularize ***

epoch 33
--------------------------------------------------------------------------------
## Train ##
loss_pred: 1.46
loss_sim: 0.59
acc : 99.99%

## Validation ##
loss_pred: 1.58
loss_sim: 0.58
acc : 88.37%

avg_kernels: 2506.60

epoch 34
--------------------------------------------------------------------------------
## Train ##
loss_pred: 1.46
loss_sim: 0.58
acc : 99.99%

## Validation ##
loss_pred: 1.57
loss_sim: 0.58
acc : 88.97%

avg_kernels: 2484.40

epoch 35
--------------------------------------------------------------------------------
## Train ##
loss_pred: 1.46
loss_sim: 0.58
acc : 99.99%

## Validation ##
loss_pred: 1.58
loss_sim: 0.57
acc : 88.58%

avg_kernels: 2461.00

epoch 36
--------------------------------------------------------------------------------
## Train ##
loss_pred: 1.46
loss_sim: 0.57
acc : 99.99%

## Validation ##
loss_pred: 1.58
loss_sim: 0.57
acc : 88.91%

avg_kernels: 2445.30

epoch 37
--------------------------------------------------------------------------------
## Train ##
loss_pred: 1.46
loss_sim: 0.57
acc : 99.99%

## Validation ##
loss_pred: 1.57
loss_sim: 0.57
acc : 89.09%

avg_kernels: 2423.30


*** Train head ***

epoch 38
--------------------------------------------------------------------------------
## Train ##
loss_pred: 1.46
loss_sim: 0.57
acc : 99.99%

## Validation ##
loss_pred: 1.57
loss_sim: 0.57
acc : 88.88%

avg_kernels: 2423.30

epoch 39
--------------------------------------------------------------------------------
## Train ##
loss_pred: 1.46
loss_sim: 0.57
acc : 99.99%

## Validation ##
loss_pred: 1.57
loss_sim: 0.57
acc : 89.12%

avg_kernels: 2423.30


*** Modularize ***

epoch 40
--------------------------------------------------------------------------------
## Train ##
loss_pred: 1.46
loss_sim: 0.56
acc : 99.99%

## Validation ##
loss_pred: 1.57
loss_sim: 0.56
acc : 88.97%

avg_kernels: 2387.20

epoch 41
--------------------------------------------------------------------------------
## Train ##
loss_pred: 1.46
loss_sim: 0.56
acc : 99.97%

## Validation ##
loss_pred: 1.57
loss_sim: 0.55
acc : 89.06%

avg_kernels: 2374.90

epoch 42
--------------------------------------------------------------------------------
## Train ##
loss_pred: 1.46
loss_sim: 0.55
acc : 99.99%

## Validation ##
loss_pred: 1.57
loss_sim: 0.55
acc : 89.09%

avg_kernels: 2357.00

epoch 43
--------------------------------------------------------------------------------
## Train ##
loss_pred: 1.46
loss_sim: 0.55
acc : 99.99%

## Validation ##
loss_pred: 1.58
loss_sim: 0.55
acc : 89.09%

avg_kernels: 2342.50

epoch 44
--------------------------------------------------------------------------------
## Train ##
loss_pred: 1.46
loss_sim: 0.54
acc : 99.99%

## Validation ##
loss_pred: 1.58
loss_sim: 0.54
acc : 89.18%

avg_kernels: 2327.70


*** Train head ***

epoch 45
--------------------------------------------------------------------------------
## Train ##
loss_pred: 1.46
loss_sim: 0.54
acc : 99.99%

## Validation ##
loss_pred: 1.58
loss_sim: 0.54
acc : 88.73%

avg_kernels: 2327.70

epoch 46
--------------------------------------------------------------------------------
## Train ##
loss_pred: 1.46
loss_sim: 0.54
acc : 99.99%

## Validation ##
loss_pred: 1.58
loss_sim: 0.54
acc : 89.12%

avg_kernels: 2327.70


*** Modularize ***

epoch 47
--------------------------------------------------------------------------------
## Train ##
loss_pred: 1.46
loss_sim: 0.54
acc : 99.99%

## Validation ##
loss_pred: 1.58
loss_sim: 0.54
acc : 88.37%

avg_kernels: 2298.30

epoch 48
--------------------------------------------------------------------------------
## Train ##
loss_pred: 1.46
loss_sim: 0.53
acc : 99.99%

## Validation ##
loss_pred: 1.57
loss_sim: 0.53
acc : 88.85%

avg_kernels: 2287.30

epoch 49
--------------------------------------------------------------------------------
## Train ##
loss_pred: 1.46
loss_sim: 0.53
acc : 99.99%

## Validation ##
loss_pred: 1.57
loss_sim: 0.53
acc : 88.64%

avg_kernels: 2276.10

epoch 50
--------------------------------------------------------------------------------
## Train ##
loss_pred: 1.46
loss_sim: 0.53
acc : 99.99%

## Validation ##
loss_pred: 1.57
loss_sim: 0.53
acc : 89.00%

avg_kernels: 2266.60

epoch 51
--------------------------------------------------------------------------------
## Train ##
loss_pred: 1.46
loss_sim: 0.53
acc : 99.99%

## Validation ##
loss_pred: 1.57
loss_sim: 0.53
acc : 89.06%

avg_kernels: 2253.20


*** Train head ***

epoch 52
--------------------------------------------------------------------------------
## Train ##
loss_pred: 1.46
loss_sim: 0.53
acc : 99.99%

## Validation ##
loss_pred: 1.58
loss_sim: 0.53
acc : 88.52%

avg_kernels: 2253.20

epoch 53
--------------------------------------------------------------------------------
## Train ##
loss_pred: 1.46
loss_sim: 0.53
acc : 99.99%

## Validation ##
loss_pred: 1.57
loss_sim: 0.53
acc : 89.00%

avg_kernels: 2253.20


*** Modularize ***

epoch 54
--------------------------------------------------------------------------------
## Train ##
loss_pred: 1.46
loss_sim: 0.52
acc : 99.99%

## Validation ##
loss_pred: 1.57
loss_sim: 0.52
acc : 89.27%

avg_kernels: 2230.20

epoch 55
--------------------------------------------------------------------------------
## Train ##
loss_pred: 1.46
loss_sim: 0.52
acc : 99.98%

## Validation ##
loss_pred: 1.58
loss_sim: 0.52
acc : 88.11%

avg_kernels: 2220.00

epoch 56
--------------------------------------------------------------------------------
## Train ##
loss_pred: 1.46
loss_sim: 0.52
acc : 99.99%

## Validation ##
loss_pred: 1.58
loss_sim: 0.52
acc : 88.47%

avg_kernels: 2213.10

epoch 57
--------------------------------------------------------------------------------
## Train ##
loss_pred: 1.46
loss_sim: 0.51
acc : 99.99%

## Validation ##
loss_pred: 1.58
loss_sim: 0.51
acc : 88.47%

avg_kernels: 2201.20

epoch 58
--------------------------------------------------------------------------------
## Train ##
loss_pred: 1.46
loss_sim: 0.51
acc : 99.99%

## Validation ##
loss_pred: 1.57
loss_sim: 0.51
acc : 89.12%

avg_kernels: 2194.60


*** Train head ***

epoch 59
--------------------------------------------------------------------------------
## Train ##
loss_pred: 1.46
loss_sim: 0.51
acc : 99.99%

## Validation ##
loss_pred: 1.58
loss_sim: 0.51
acc : 88.61%

avg_kernels: 2194.60

epoch 60
--------------------------------------------------------------------------------
## Train ##
loss_pred: 1.46
loss_sim: 0.51
acc : 99.99%

## Validation ##
loss_pred: 1.57
loss_sim: 0.51
acc : 89.15%

avg_kernels: 2194.60


*** Modularize ***

epoch 61
--------------------------------------------------------------------------------
## Train ##
loss_pred: 1.46
loss_sim: 0.51
acc : 99.99%

## Validation ##
loss_pred: 1.57
loss_sim: 0.51
acc : 88.77%

avg_kernels: 2174.70

epoch 62
--------------------------------------------------------------------------------
## Train ##
loss_pred: 1.46
loss_sim: 0.51
acc : 99.99%

## Validation ##
loss_pred: 1.58
loss_sim: 0.50
acc : 88.62%

avg_kernels: 2164.40

epoch 63
--------------------------------------------------------------------------------
## Train ##
loss_pred: 1.46
loss_sim: 0.50
acc : 99.98%

## Validation ##
loss_pred: 1.57
loss_sim: 0.50
acc : 88.50%

avg_kernels: 2154.90

epoch 64
--------------------------------------------------------------------------------
## Train ##
loss_pred: 1.46
loss_sim: 0.50
acc : 99.98%

## Validation ##
loss_pred: 1.58
loss_sim: 0.50
acc : 88.62%

avg_kernels: 2147.40

epoch 65
--------------------------------------------------------------------------------
## Train ##
loss_pred: 1.46
loss_sim: 0.50
acc : 99.98%

## Validation ##
loss_pred: 1.58
loss_sim: 0.50
acc : 88.62%

avg_kernels: 2140.30


*** Train head ***

epoch 66
--------------------------------------------------------------------------------
## Train ##
loss_pred: 1.46
loss_sim: 0.50
acc : 99.99%

## Validation ##
loss_pred: 1.58
loss_sim: 0.50
acc : 88.59%

avg_kernels: 2140.30

epoch 67
--------------------------------------------------------------------------------
## Train ##
loss_pred: 1.46
loss_sim: 0.50
acc : 99.99%

## Validation ##
loss_pred: 1.58
loss_sim: 0.50
acc : 88.50%

avg_kernels: 2140.30


*** Modularize ***

epoch 68
--------------------------------------------------------------------------------
## Train ##
loss_pred: 1.46
loss_sim: 0.50
acc : 99.97%

## Validation ##
loss_pred: 1.57
loss_sim: 0.49
acc : 88.71%

avg_kernels: 2122.50

epoch 69
--------------------------------------------------------------------------------
## Train ##
loss_pred: 1.46
loss_sim: 0.49
acc : 99.99%

## Validation ##
loss_pred: 1.58
loss_sim: 0.49
acc : 88.12%

avg_kernels: 2114.70

epoch 70
--------------------------------------------------------------------------------
## Train ##
loss_pred: 1.46
loss_sim: 0.49
acc : 99.98%

## Validation ##
loss_pred: 1.58
loss_sim: 0.49
acc : 88.85%

avg_kernels: 2108.90

epoch 71
--------------------------------------------------------------------------------
## Train ##
loss_pred: 1.46
loss_sim: 0.49
acc : 99.97%

## Validation ##
loss_pred: 1.58
loss_sim: 0.49
acc : 88.43%

avg_kernels: 2102.70

epoch 72
--------------------------------------------------------------------------------
## Train ##
loss_pred: 1.46
loss_sim: 0.49
acc : 99.96%

## Validation ##
loss_pred: 1.57
loss_sim: 0.49
acc : 89.03%

avg_kernels: 2094.60


*** Train head ***

epoch 73
--------------------------------------------------------------------------------
## Train ##
loss_pred: 1.46
loss_sim: 0.49
acc : 99.99%

## Validation ##
loss_pred: 1.57
loss_sim: 0.49
acc : 89.27%

avg_kernels: 2094.60

epoch 74
--------------------------------------------------------------------------------
## Train ##
loss_pred: 1.46
loss_sim: 0.49
acc : 99.98%

## Validation ##
loss_pred: 1.57
loss_sim: 0.49
acc : 89.27%

avg_kernels: 2094.60

====================================================================================================

best_epoch: 6
best_acc: 89.56%
best_avg_kernel: 4288.00
[(6, tensor(0.8956, device='cuda:0')), (3, tensor(0.8953, device='cuda:0')), (20, tensor(0.8948, device='cuda:0')), (16, tensor(0.8942, device='cuda:0')), (9, tensor(0.8935, device='cuda:0')), (1, tensor(0.8932, device='cuda:0')), (7, tensor(0.8932, device='cuda:0')), (12, tensor(0.8930, device='cuda:0')), (54, tensor(0.8927, device='cuda:0')), (73, tensor(0.8927, device='cuda:0')), (74, tensor(0.8927, device='cuda:0')), (5, tensor(0.8927, device='cuda:0')), (14, tensor(0.8927, device='cuda:0')), (27, tensor(0.8921, device='cuda:0')), (4, tensor(0.8921, device='cuda:0')), (2, tensor(0.8920, device='cuda:0')), (44, tensor(0.8918, device='cuda:0')), (18, tensor(0.8918, device='cuda:0')), (22, tensor(0.8918, device='cuda:0')), (60, tensor(0.8915, device='cuda:0')), (25, tensor(0.8912, device='cuda:0')), (39, tensor(0.8912, device='cuda:0')), (58, tensor(0.8912, device='cuda:0')), (19, tensor(0.8912, device='cuda:0')), (46, tensor(0.8912, device='cuda:0')), (8, tensor(0.8911, device='cuda:0')), (37, tensor(0.8909, device='cuda:0')), (42, tensor(0.8909, device='cuda:0')), (13, tensor(0.8909, device='cuda:0')), (15, tensor(0.8909, device='cuda:0')), (43, tensor(0.8909, device='cuda:0')), (23, tensor(0.8906, device='cuda:0')), (31, tensor(0.8906, device='cuda:0')), (32, tensor(0.8906, device='cuda:0')), (41, tensor(0.8906, device='cuda:0')), (51, tensor(0.8906, device='cuda:0')), (72, tensor(0.8903, device='cuda:0')), (53, tensor(0.8900, device='cuda:0')), (26, tensor(0.8900, device='cuda:0')), (50, tensor(0.8900, device='cuda:0')), (10, tensor(0.8900, device='cuda:0')), (17, tensor(0.8900, device='cuda:0')), (34, tensor(0.8897, device='cuda:0')), (0, tensor(0.8897, device='cuda:0')), (24, tensor(0.8897, device='cuda:0')), (40, tensor(0.8897, device='cuda:0')), (36, tensor(0.8891, device='cuda:0')), (28, tensor(0.8888, device='cuda:0')), (38, tensor(0.8888, device='cuda:0')), (48, tensor(0.8885, device='cuda:0')), (70, tensor(0.8885, device='cuda:0')), (21, tensor(0.8885, device='cuda:0')), (61, tensor(0.8877, device='cuda:0')), (45, tensor(0.8873, device='cuda:0')), (68, tensor(0.8871, device='cuda:0')), (49, tensor(0.8864, device='cuda:0')), (65, tensor(0.8862, device='cuda:0')), (62, tensor(0.8862, device='cuda:0')), (64, tensor(0.8862, device='cuda:0')), (29, tensor(0.8861, device='cuda:0')), (59, tensor(0.8861, device='cuda:0')), (11, tensor(0.8861, device='cuda:0')), (66, tensor(0.8859, device='cuda:0')), (35, tensor(0.8858, device='cuda:0')), (52, tensor(0.8852, device='cuda:0')), (67, tensor(0.8850, device='cuda:0')), (63, tensor(0.8850, device='cuda:0')), (56, tensor(0.8847, device='cuda:0')), (57, tensor(0.8847, device='cuda:0')), (71, tensor(0.8843, device='cuda:0')), (33, tensor(0.8837, device='cuda:0')), (47, tensor(0.8837, device='cuda:0')), (30, tensor(0.8834, device='cuda:0')), (69, tensor(0.8812, device='cuda:0')), (55, tensor(0.8811, device='cuda:0'))]
