Namespace(model='rescnn', dataset='cifar10', estimator_idx=15, init_type='ones', lr_head=0.01, lr_modularity=0.001, epoch_strategy='5,70', batch_size=64, alpha=0.1)
Files already downloaded and verified
Sequential(
  (0): Linear(in_features=10, out_features=10, bias=True)
  (1): ReLU()
  (2): Linear(in_features=10, out_features=1, bias=True)
)
epoch 0
--------------------------------------------------------------------------------
## Train ##
loss_pred: 1.54
loss_sim: 1.00
acc : 92.11%

## Validation ##
loss_pred: 1.59
loss_sim: 1.00
acc : 87.67%

avg_kernels: 4288.00

epoch 1
--------------------------------------------------------------------------------
## Train ##
loss_pred: 1.46
loss_sim: 1.00
acc : 99.99%

## Validation ##
loss_pred: 1.59
loss_sim: 1.00
acc : 87.76%

avg_kernels: 4288.00

epoch 2
--------------------------------------------------------------------------------
## Train ##
loss_pred: 1.46
loss_sim: 1.00
acc : 100.00%

## Validation ##
loss_pred: 1.59
loss_sim: 1.00
acc : 87.54%

avg_kernels: 4288.00

epoch 3
--------------------------------------------------------------------------------
## Train ##
loss_pred: 1.46
loss_sim: 1.00
acc : 99.99%

## Validation ##
loss_pred: 1.59
loss_sim: 1.00
acc : 87.63%

avg_kernels: 4288.00

epoch 4
--------------------------------------------------------------------------------
## Train ##
loss_pred: 1.46
loss_sim: 1.00
acc : 99.99%

## Validation ##
loss_pred: 1.58
loss_sim: 1.00
acc : 87.91%

avg_kernels: 4288.00


*** Modularize ***

epoch 5
--------------------------------------------------------------------------------
## Train ##
loss_pred: 1.46
loss_sim: 1.00
acc : 99.99%

## Validation ##
loss_pred: 1.59
loss_sim: 1.00
acc : 87.70%

avg_kernels: 4288.00

epoch 6
--------------------------------------------------------------------------------
## Train ##
loss_pred: 1.46
loss_sim: 1.00
acc : 99.99%

## Validation ##
loss_pred: 1.59
loss_sim: 1.00
acc : 87.91%

avg_kernels: 4288.00

epoch 7
--------------------------------------------------------------------------------
## Train ##
loss_pred: 1.46
loss_sim: 1.00
acc : 100.00%

## Validation ##
loss_pred: 1.59
loss_sim: 1.00
acc : 87.84%

avg_kernels: 4288.00

epoch 8
--------------------------------------------------------------------------------
## Train ##
loss_pred: 1.46
loss_sim: 1.00
acc : 99.99%

## Validation ##
loss_pred: 1.59
loss_sim: 1.00
acc : 87.76%

avg_kernels: 4288.00

epoch 9
--------------------------------------------------------------------------------
## Train ##
loss_pred: 1.46
loss_sim: 1.00
acc : 99.99%

## Validation ##
loss_pred: 1.59
loss_sim: 1.00
acc : 87.86%

avg_kernels: 4288.00


*** Train head ***

epoch 10
--------------------------------------------------------------------------------
## Train ##
loss_pred: 1.46
loss_sim: 1.00
acc : 100.00%

## Validation ##
loss_pred: 1.59
loss_sim: 1.00
acc : 87.75%

avg_kernels: 4288.00

epoch 11
--------------------------------------------------------------------------------
## Train ##
loss_pred: 1.46
loss_sim: 1.00
acc : 99.99%

## Validation ##
loss_pred: 1.59
loss_sim: 1.00
acc : 87.61%

avg_kernels: 4288.00


*** Modularize ***

epoch 12
--------------------------------------------------------------------------------
## Train ##
loss_pred: 1.46
loss_sim: 1.00
acc : 100.00%

## Validation ##
loss_pred: 1.59
loss_sim: 1.00
acc : 87.64%

avg_kernels: 4288.00

epoch 13
--------------------------------------------------------------------------------
## Train ##
loss_pred: 1.46
loss_sim: 0.89
acc : 100.00%

## Validation ##
loss_pred: 1.59
loss_sim: 0.80
acc : 87.62%

avg_kernels: 3441.70

epoch 14
--------------------------------------------------------------------------------
## Train ##
loss_pred: 1.46
loss_sim: 0.78
acc : 99.98%

## Validation ##
loss_pred: 1.59
loss_sim: 0.76
acc : 87.56%

avg_kernels: 3268.70

epoch 15
--------------------------------------------------------------------------------
## Train ##
loss_pred: 1.46
loss_sim: 0.75
acc : 99.99%

## Validation ##
loss_pred: 1.59
loss_sim: 0.74
acc : 87.39%

avg_kernels: 3162.70

epoch 16
--------------------------------------------------------------------------------
## Train ##
loss_pred: 1.46
loss_sim: 0.73
acc : 99.98%

## Validation ##
loss_pred: 1.59
loss_sim: 0.72
acc : 87.78%

avg_kernels: 3079.30


*** Train head ***

epoch 17
--------------------------------------------------------------------------------
## Train ##
loss_pred: 1.46
loss_sim: 0.72
acc : 100.00%

## Validation ##
loss_pred: 1.59
loss_sim: 0.72
acc : 87.61%

avg_kernels: 3079.30

epoch 18
--------------------------------------------------------------------------------
## Train ##
loss_pred: 1.46
loss_sim: 0.72
acc : 100.00%

## Validation ##
loss_pred: 1.59
loss_sim: 0.72
acc : 87.74%

avg_kernels: 3079.30


*** Modularize ***

epoch 19
--------------------------------------------------------------------------------
## Train ##
loss_pred: 1.46
loss_sim: 0.70
acc : 99.99%

## Validation ##
loss_pred: 1.59
loss_sim: 0.69
acc : 87.49%

avg_kernels: 2959.20

epoch 20
--------------------------------------------------------------------------------
## Train ##
loss_pred: 1.46
loss_sim: 0.68
acc : 100.00%

## Validation ##
loss_pred: 1.59
loss_sim: 0.68
acc : 87.81%

avg_kernels: 2899.80

epoch 21
--------------------------------------------------------------------------------
## Train ##
loss_pred: 1.46
loss_sim: 0.67
acc : 100.00%

## Validation ##
loss_pred: 1.59
loss_sim: 0.66
acc : 87.59%

avg_kernels: 2849.60

epoch 22
--------------------------------------------------------------------------------
## Train ##
loss_pred: 1.46
loss_sim: 0.66
acc : 100.00%

## Validation ##
loss_pred: 1.59
loss_sim: 0.65
acc : 87.56%

avg_kernels: 2801.60

epoch 23
--------------------------------------------------------------------------------
## Train ##
loss_pred: 1.46
loss_sim: 0.65
acc : 100.00%

## Validation ##
loss_pred: 1.59
loss_sim: 0.64
acc : 87.67%

avg_kernels: 2758.80


*** Train head ***

epoch 24
--------------------------------------------------------------------------------
## Train ##
loss_pred: 1.46
loss_sim: 0.64
acc : 100.00%

## Validation ##
loss_pred: 1.59
loss_sim: 0.64
acc : 87.70%

avg_kernels: 2758.80

epoch 25
--------------------------------------------------------------------------------
## Train ##
loss_pred: 1.46
loss_sim: 0.64
acc : 100.00%

## Validation ##
loss_pred: 1.59
loss_sim: 0.64
acc : 87.74%

avg_kernels: 2758.80


*** Modularize ***

epoch 26
--------------------------------------------------------------------------------
## Train ##
loss_pred: 1.46
loss_sim: 0.63
acc : 100.00%

## Validation ##
loss_pred: 1.59
loss_sim: 0.63
acc : 87.51%

avg_kernels: 2696.50

epoch 27
--------------------------------------------------------------------------------
## Train ##
loss_pred: 1.46
loss_sim: 0.62
acc : 100.00%

## Validation ##
loss_pred: 1.59
loss_sim: 0.62
acc : 87.32%

avg_kernels: 2658.90

epoch 28
--------------------------------------------------------------------------------
## Train ##
loss_pred: 1.46
loss_sim: 0.62
acc : 100.00%

## Validation ##
loss_pred: 1.59
loss_sim: 0.61
acc : 87.43%

avg_kernels: 2627.70

epoch 29
--------------------------------------------------------------------------------
## Train ##
loss_pred: 1.46
loss_sim: 0.61
acc : 100.00%

## Validation ##
loss_pred: 1.59
loss_sim: 0.61
acc : 87.63%

avg_kernels: 2603.00

epoch 30
--------------------------------------------------------------------------------
## Train ##
loss_pred: 1.46
loss_sim: 0.60
acc : 100.00%

## Validation ##
loss_pred: 1.59
loss_sim: 0.60
acc : 87.66%

avg_kernels: 2573.30


*** Train head ***

epoch 31
--------------------------------------------------------------------------------
## Train ##
loss_pred: 1.46
loss_sim: 0.60
acc : 100.00%

## Validation ##
loss_pred: 1.59
loss_sim: 0.60
acc : 87.64%

avg_kernels: 2573.30

epoch 32
--------------------------------------------------------------------------------
## Train ##
loss_pred: 1.46
loss_sim: 0.60
acc : 100.00%

## Validation ##
loss_pred: 1.59
loss_sim: 0.60
acc : 87.82%

avg_kernels: 2573.30


*** Modularize ***

epoch 33
--------------------------------------------------------------------------------
## Train ##
loss_pred: 1.46
loss_sim: 0.59
acc : 100.00%

## Validation ##
loss_pred: 1.59
loss_sim: 0.59
acc : 87.45%

avg_kernels: 2526.60

epoch 34
--------------------------------------------------------------------------------
## Train ##
loss_pred: 1.46
loss_sim: 0.59
acc : 100.00%

## Validation ##
loss_pred: 1.59
loss_sim: 0.58
acc : 87.52%

avg_kernels: 2500.70

epoch 35
--------------------------------------------------------------------------------
## Train ##
loss_pred: 1.46
loss_sim: 0.58
acc : 100.00%

## Validation ##
loss_pred: 1.59
loss_sim: 0.58
acc : 87.71%

avg_kernels: 2479.00

epoch 36
--------------------------------------------------------------------------------
## Train ##
loss_pred: 1.46
loss_sim: 0.58
acc : 100.00%

## Validation ##
loss_pred: 1.59
loss_sim: 0.57
acc : 87.48%

avg_kernels: 2458.20

epoch 37
--------------------------------------------------------------------------------
## Train ##
loss_pred: 1.46
loss_sim: 0.57
acc : 100.00%

## Validation ##
loss_pred: 1.59
loss_sim: 0.57
acc : 87.69%

avg_kernels: 2435.50


*** Train head ***

epoch 38
--------------------------------------------------------------------------------
## Train ##
loss_pred: 1.46
loss_sim: 0.57
acc : 100.00%

## Validation ##
loss_pred: 1.60
loss_sim: 0.57
acc : 87.67%

avg_kernels: 2435.50

epoch 39
--------------------------------------------------------------------------------
## Train ##
loss_pred: 1.46
loss_sim: 0.57
acc : 100.00%

## Validation ##
loss_pred: 1.59
loss_sim: 0.57
acc : 87.69%

avg_kernels: 2435.50


*** Modularize ***

epoch 40
--------------------------------------------------------------------------------
## Train ##
loss_pred: 1.46
loss_sim: 0.56
acc : 100.00%

## Validation ##
loss_pred: 1.59
loss_sim: 0.56
acc : 87.45%

avg_kernels: 2394.90

epoch 41
--------------------------------------------------------------------------------
## Train ##
loss_pred: 1.46
loss_sim: 0.56
acc : 100.00%

## Validation ##
loss_pred: 1.59
loss_sim: 0.55
acc : 87.21%

avg_kernels: 2374.60

epoch 42
--------------------------------------------------------------------------------
## Train ##
loss_pred: 1.46
loss_sim: 0.55
acc : 100.00%

## Validation ##
loss_pred: 1.60
loss_sim: 0.55
acc : 87.32%

avg_kernels: 2359.10

epoch 43
--------------------------------------------------------------------------------
## Train ##
loss_pred: 1.46
loss_sim: 0.55
acc : 100.00%

## Validation ##
loss_pred: 1.60
loss_sim: 0.55
acc : 87.36%

avg_kernels: 2341.20

epoch 44
--------------------------------------------------------------------------------
## Train ##
loss_pred: 1.46
loss_sim: 0.54
acc : 100.00%

## Validation ##
loss_pred: 1.59
loss_sim: 0.54
acc : 87.54%

avg_kernels: 2322.70


*** Train head ***

epoch 45
--------------------------------------------------------------------------------
## Train ##
loss_pred: 1.46
loss_sim: 0.54
acc : 100.00%

## Validation ##
loss_pred: 1.60
loss_sim: 0.54
acc : 87.48%

avg_kernels: 2322.70

epoch 46
--------------------------------------------------------------------------------
## Train ##
loss_pred: 1.46
loss_sim: 0.54
acc : 100.00%

## Validation ##
loss_pred: 1.59
loss_sim: 0.54
acc : 87.75%

avg_kernels: 2322.70


*** Modularize ***

epoch 47
--------------------------------------------------------------------------------
## Train ##
loss_pred: 1.46
loss_sim: 0.54
acc : 100.00%

## Validation ##
loss_pred: 1.59
loss_sim: 0.53
acc : 87.52%

avg_kernels: 2290.10

epoch 48
--------------------------------------------------------------------------------
## Train ##
loss_pred: 1.46
loss_sim: 0.53
acc : 100.00%

## Validation ##
loss_pred: 1.59
loss_sim: 0.53
acc : 87.48%

avg_kernels: 2276.10

epoch 49
--------------------------------------------------------------------------------
## Train ##
loss_pred: 1.46
loss_sim: 0.53
acc : 100.00%

## Validation ##
loss_pred: 1.59
loss_sim: 0.53
acc : 87.53%

avg_kernels: 2261.20

epoch 50
--------------------------------------------------------------------------------
## Train ##
loss_pred: 1.46
loss_sim: 0.53
acc : 100.00%

## Validation ##
loss_pred: 1.59
loss_sim: 0.52
acc : 87.61%

avg_kernels: 2245.40

epoch 51
--------------------------------------------------------------------------------
## Train ##
loss_pred: 1.46
loss_sim: 0.52
acc : 100.00%

## Validation ##
loss_pred: 1.59
loss_sim: 0.52
acc : 87.38%

avg_kernels: 2233.70


*** Train head ***

epoch 52
--------------------------------------------------------------------------------
## Train ##
loss_pred: 1.46
loss_sim: 0.52
acc : 100.00%

## Validation ##
loss_pred: 1.59
loss_sim: 0.52
acc : 87.65%

avg_kernels: 2233.70

epoch 53
--------------------------------------------------------------------------------
## Train ##
loss_pred: 1.46
loss_sim: 0.52
acc : 100.00%

## Validation ##
loss_pred: 1.59
loss_sim: 0.52
acc : 87.60%

avg_kernels: 2233.70


*** Modularize ***

epoch 54
--------------------------------------------------------------------------------
## Train ##
loss_pred: 1.46
loss_sim: 0.52
acc : 100.00%

## Validation ##
loss_pred: 1.59
loss_sim: 0.52
acc : 87.49%

avg_kernels: 2210.70

epoch 55
--------------------------------------------------------------------------------
## Train ##
loss_pred: 1.46
loss_sim: 0.51
acc : 100.00%

## Validation ##
loss_pred: 1.59
loss_sim: 0.51
acc : 87.53%

avg_kernels: 2199.20

epoch 56
--------------------------------------------------------------------------------
## Train ##
loss_pred: 1.46
loss_sim: 0.51
acc : 99.99%

## Validation ##
loss_pred: 1.59
loss_sim: 0.51
acc : 87.14%

avg_kernels: 2185.60

epoch 57
--------------------------------------------------------------------------------
## Train ##
loss_pred: 1.46
loss_sim: 0.51
acc : 100.00%

## Validation ##
loss_pred: 1.60
loss_sim: 0.51
acc : 86.96%

avg_kernels: 2175.80

epoch 58
--------------------------------------------------------------------------------
## Train ##
loss_pred: 1.46
loss_sim: 0.51
acc : 99.98%

## Validation ##
loss_pred: 1.60
loss_sim: 0.51
acc : 87.24%

avg_kernels: 2166.60


*** Train head ***

epoch 59
--------------------------------------------------------------------------------
## Train ##
loss_pred: 1.46
loss_sim: 0.51
acc : 100.00%

## Validation ##
loss_pred: 1.60
loss_sim: 0.51
acc : 87.32%

avg_kernels: 2166.60

epoch 60
--------------------------------------------------------------------------------
## Train ##
loss_pred: 1.46
loss_sim: 0.51
acc : 100.00%

## Validation ##
loss_pred: 1.60
loss_sim: 0.51
acc : 87.36%

avg_kernels: 2166.60


*** Modularize ***

epoch 61
--------------------------------------------------------------------------------
## Train ##
loss_pred: 1.46
loss_sim: 0.50
acc : 100.00%

## Validation ##
loss_pred: 1.60
loss_sim: 0.50
acc : 87.56%

avg_kernels: 2142.90

epoch 62
--------------------------------------------------------------------------------
## Train ##
loss_pred: 1.46
loss_sim: 0.50
acc : 100.00%

## Validation ##
loss_pred: 1.60
loss_sim: 0.50
acc : 87.41%

avg_kernels: 2130.30

epoch 63
--------------------------------------------------------------------------------
## Train ##
loss_pred: 1.46
loss_sim: 0.50
acc : 100.00%

## Validation ##
loss_pred: 1.60
loss_sim: 0.50
acc : 87.60%

avg_kernels: 2123.10

epoch 64
--------------------------------------------------------------------------------
## Train ##
loss_pred: 1.46
loss_sim: 0.49
acc : 99.99%

## Validation ##
loss_pred: 1.60
loss_sim: 0.49
acc : 87.51%

avg_kernels: 2115.00

epoch 65
--------------------------------------------------------------------------------
## Train ##
loss_pred: 1.46
loss_sim: 0.49
acc : 99.99%

## Validation ##
loss_pred: 1.59
loss_sim: 0.49
acc : 86.92%

avg_kernels: 2107.60


*** Train head ***

epoch 66
--------------------------------------------------------------------------------
## Train ##
loss_pred: 1.46
loss_sim: 0.49
acc : 100.00%

## Validation ##
loss_pred: 1.60
loss_sim: 0.49
acc : 87.44%

avg_kernels: 2107.60

epoch 67
--------------------------------------------------------------------------------
## Train ##
loss_pred: 1.46
loss_sim: 0.49
acc : 100.00%

## Validation ##
loss_pred: 1.60
loss_sim: 0.49
acc : 87.36%

avg_kernels: 2107.60


*** Modularize ***

epoch 68
--------------------------------------------------------------------------------
## Train ##
loss_pred: 1.46
loss_sim: 0.49
acc : 99.99%

## Validation ##
loss_pred: 1.60
loss_sim: 0.49
acc : 87.79%

avg_kernels: 2086.10

epoch 69
--------------------------------------------------------------------------------
## Train ##
loss_pred: 1.46
loss_sim: 0.49
acc : 100.00%

## Validation ##
loss_pred: 1.59
loss_sim: 0.48
acc : 87.73%

avg_kernels: 2079.60

epoch 70
--------------------------------------------------------------------------------
## Train ##
loss_pred: 1.46
loss_sim: 0.48
acc : 100.00%

## Validation ##
loss_pred: 1.60
loss_sim: 0.48
acc : 87.38%

avg_kernels: 2071.90

epoch 71
--------------------------------------------------------------------------------
## Train ##
loss_pred: 1.46
loss_sim: 0.48
acc : 99.99%

## Validation ##
loss_pred: 1.59
loss_sim: 0.48
acc : 87.68%

avg_kernels: 2062.10

epoch 72
--------------------------------------------------------------------------------
## Train ##
loss_pred: 1.46
loss_sim: 0.48
acc : 100.00%

## Validation ##
loss_pred: 1.59
loss_sim: 0.48
acc : 87.42%

avg_kernels: 2056.90


*** Train head ***

epoch 73
--------------------------------------------------------------------------------
## Train ##
loss_pred: 1.46
loss_sim: 0.48
acc : 100.00%

## Validation ##
loss_pred: 1.59
loss_sim: 0.48
acc : 87.47%

avg_kernels: 2056.90

epoch 74
--------------------------------------------------------------------------------
## Train ##
loss_pred: 1.46
loss_sim: 0.48
acc : 100.00%

## Validation ##
loss_pred: 1.60
loss_sim: 0.48
acc : 87.48%

avg_kernels: 2056.90

====================================================================================================

best_epoch: 6
best_acc: 87.91%
best_avg_kernel: 4288.00
[(4, tensor(0.8791, device='cuda:0')), (6, tensor(0.8791, device='cuda:0')), (9, tensor(0.8786, device='cuda:0')), (7, tensor(0.8784, device='cuda:0')), (32, tensor(0.8782, device='cuda:0')), (20, tensor(0.8781, device='cuda:0')), (68, tensor(0.8779, device='cuda:0')), (16, tensor(0.8778, device='cuda:0')), (1, tensor(0.8776, device='cuda:0')), (8, tensor(0.8776, device='cuda:0')), (46, tensor(0.8775, device='cuda:0')), (10, tensor(0.8775, device='cuda:0')), (25, tensor(0.8774, device='cuda:0')), (18, tensor(0.8774, device='cuda:0')), (69, tensor(0.8773, device='cuda:0')), (35, tensor(0.8771, device='cuda:0')), (5, tensor(0.8770, device='cuda:0')), (24, tensor(0.8770, device='cuda:0')), (37, tensor(0.8769, device='cuda:0')), (39, tensor(0.8769, device='cuda:0')), (71, tensor(0.8768, device='cuda:0')), (0, tensor(0.8767, device='cuda:0')), (23, tensor(0.8767, device='cuda:0')), (38, tensor(0.8767, device='cuda:0')), (30, tensor(0.8766, device='cuda:0')), (52, tensor(0.8765, device='cuda:0')), (12, tensor(0.8764, device='cuda:0')), (31, tensor(0.8764, device='cuda:0')), (3, tensor(0.8763, device='cuda:0')), (29, tensor(0.8763, device='cuda:0')), (13, tensor(0.8762, device='cuda:0')), (11, tensor(0.8761, device='cuda:0')), (50, tensor(0.8761, device='cuda:0')), (17, tensor(0.8761, device='cuda:0')), (53, tensor(0.8760, device='cuda:0')), (63, tensor(0.8760, device='cuda:0')), (21, tensor(0.8759, device='cuda:0')), (14, tensor(0.8756, device='cuda:0')), (22, tensor(0.8756, device='cuda:0')), (61, tensor(0.8756, device='cuda:0')), (2, tensor(0.8754, device='cuda:0')), (44, tensor(0.8754, device='cuda:0')), (49, tensor(0.8753, device='cuda:0')), (55, tensor(0.8753, device='cuda:0')), (34, tensor(0.8752, device='cuda:0')), (47, tensor(0.8752, device='cuda:0')), (26, tensor(0.8751, device='cuda:0')), (64, tensor(0.8751, device='cuda:0')), (19, tensor(0.8749, device='cuda:0')), (54, tensor(0.8749, device='cuda:0')), (36, tensor(0.8748, device='cuda:0')), (45, tensor(0.8748, device='cuda:0')), (48, tensor(0.8748, device='cuda:0')), (74, tensor(0.8748, device='cuda:0')), (73, tensor(0.8747, device='cuda:0')), (33, tensor(0.8745, device='cuda:0')), (40, tensor(0.8745, device='cuda:0')), (66, tensor(0.8744, device='cuda:0')), (28, tensor(0.8743, device='cuda:0')), (72, tensor(0.8742, device='cuda:0')), (62, tensor(0.8741, device='cuda:0')), (15, tensor(0.8739, device='cuda:0')), (70, tensor(0.8738, device='cuda:0')), (51, tensor(0.8738, device='cuda:0')), (43, tensor(0.8736, device='cuda:0')), (67, tensor(0.8736, device='cuda:0')), (60, tensor(0.8736, device='cuda:0')), (27, tensor(0.8732, device='cuda:0')), (42, tensor(0.8732, device='cuda:0')), (59, tensor(0.8732, device='cuda:0')), (58, tensor(0.8724, device='cuda:0')), (41, tensor(0.8721, device='cuda:0')), (56, tensor(0.8714, device='cuda:0')), (57, tensor(0.8696, device='cuda:0')), (65, tensor(0.8692, device='cuda:0'))]
